This is XeTeX, Version 3.141592653-2.6-0.999996 (TeX Live 2024) (preloaded format=xelatex 2024.8.15)  15 AUG 2024 02:01
entering extended mode
 restricted \write18 enabled.
 %&-line parsing enabled.
**index.tex
(./index.tex
LaTeX2e <2024-06-01> patch level 2
L3 programming layer <2024-07-20>
(/cloud/home/r2564481/.TinyTeX/texmf-dist/tex/latex/base/book.cls
Document Class: book 2024/02/08 v1.4n Standard LaTeX document class
(/cloud/home/r2564481/.TinyTeX/texmf-dist/tex/latex/base/bk10.clo
File: bk10.clo 2024/02/08 v1.4n Standard LaTeX file (size option)
)
\c@part=\count190
\c@chapter=\count191
\c@section=\count192
\c@subsection=\count193
\c@subsubsection=\count194
\c@paragraph=\count195
\c@subparagraph=\count196
\c@figure=\count197
\c@table=\count198
\abovecaptionskip=\skip49
\belowcaptionskip=\skip50
\bibindent=\dimen141
) (/cloud/home/r2564481/.TinyTeX/texmf-dist/tex/latex/amsmath/amsmath.sty
Package: amsmath 2024/05/23 v2.17q AMS math features
\@mathmargin=\skip51
For additional information on amsmath, use the `?' option.
(/cloud/home/r2564481/.TinyTeX/texmf-dist/tex/latex/amsmath/amstext.sty
Package: amstext 2021/08/26 v2.01 AMS text
(/cloud/home/r2564481/.TinyTeX/texmf-dist/tex/latex/amsmath/amsgen.sty
File: amsgen.sty 1999/11/30 v2.0 generic functions
\@emptytoks=\toks17
\ex@=\dimen142
)) (/cloud/home/r2564481/.TinyTeX/texmf-dist/tex/latex/amsmath/amsbsy.sty
Package: amsbsy 1999/11/29 v1.2d Bold Symbols
\pmbraise@=\dimen143
) (/cloud/home/r2564481/.TinyTeX/texmf-dist/tex/latex/amsmath/amsopn.sty
Package: amsopn 2022/04/08 v2.04 operator names
)
\inf@bad=\count199
LaTeX Info: Redefining \frac on input line 233.
\uproot@=\count266
\leftroot@=\count267
LaTeX Info: Redefining \overline on input line 398.
LaTeX Info: Redefining \colon on input line 409.
\classnum@=\count268
\DOTSCASE@=\count269
LaTeX Info: Redefining \ldots on input line 495.
LaTeX Info: Redefining \dots on input line 498.
LaTeX Info: Redefining \cdots on input line 619.
\Mathstrutbox@=\box52
\strutbox@=\box53
LaTeX Info: Redefining \big on input line 721.
LaTeX Info: Redefining \Big on input line 722.
LaTeX Info: Redefining \bigg on input line 723.
LaTeX Info: Redefining \Bigg on input line 724.
\big@size=\dimen144
LaTeX Font Info:    Redeclaring font encoding OML on input line 742.
LaTeX Font Info:    Redeclaring font encoding OMS on input line 743.
\macc@depth=\count270
LaTeX Info: Redefining \bmod on input line 904.
LaTeX Info: Redefining \pmod on input line 909.
LaTeX Info: Redefining \smash on input line 939.
LaTeX Info: Redefining \relbar on input line 969.
LaTeX Info: Redefining \Relbar on input line 970.
\c@MaxMatrixCols=\count271
\dotsspace@=\muskip17
\c@parentequation=\count272
\dspbrk@lvl=\count273
\tag@help=\toks18
\row@=\count274
\column@=\count275
\maxfields@=\count276
\andhelp@=\toks19
\eqnshift@=\dimen145
\alignsep@=\dimen146
\tagshift@=\dimen147
\tagwidth@=\dimen148
\totwidth@=\dimen149
\lineht@=\dimen150
\@envbody=\toks20
\multlinegap=\skip52
\multlinetaggap=\skip53
\mathdisplay@stack=\toks21
LaTeX Info: Redefining \[ on input line 2953.
LaTeX Info: Redefining \] on input line 2954.
) (/cloud/home/r2564481/.TinyTeX/texmf-dist/tex/latex/amsfonts/amssymb.sty
Package: amssymb 2013/01/14 v3.01 AMS font symbols
(/cloud/home/r2564481/.TinyTeX/texmf-dist/tex/latex/amsfonts/amsfonts.sty
Package: amsfonts 2013/01/14 v3.01 Basic AMSFonts support
\symAMSa=\mathgroup4
\symAMSb=\mathgroup5
LaTeX Font Info:    Redeclaring math symbol \hbar on input line 98.
LaTeX Font Info:    Overwriting math alphabet `\mathfrak' in version `bold'
(Font)                  U/euf/m/n --> U/euf/b/n on input line 106.
)) (/cloud/home/r2564481/.TinyTeX/texmf-dist/tex/generic/iftex/iftex.sty
Package: iftex 2022/02/03 v1.0f TeX engine tests
) (/cloud/home/r2564481/.TinyTeX/texmf-dist/tex/latex/unicode-math/unicode-math.sty (/cloud/home/r2564481/.TinyTeX/texmf-dist/tex/latex/l3kernel/expl3.sty
Package: expl3 2024-07-20 L3 programming layer (loader) 
(/cloud/home/r2564481/.TinyTeX/texmf-dist/tex/latex/l3backend/l3backend-xetex.def
File: l3backend-xetex.def 2024-05-08 L3 backend support: XeTeX
\g__graphics_track_int=\count277
\l__pdf_internal_box=\box54
\g__pdf_backend_annotation_int=\count278
\g__pdf_backend_link_int=\count279
))
Package: unicode-math 2023/08/13 v0.8r Unicode maths in XeLaTeX and LuaLaTeX
(/cloud/home/r2564481/.TinyTeX/texmf-dist/tex/latex/unicode-math/unicode-math-xetex.sty
Package: unicode-math-xetex 2023/08/13 v0.8r Unicode maths in XeLaTeX and LuaLaTeX
(/cloud/home/r2564481/.TinyTeX/texmf-dist/tex/latex/l3packages/xparse/xparse.sty
Package: xparse 2024-05-08 L3 Experimental document command parser
) (/cloud/home/r2564481/.TinyTeX/texmf-dist/tex/latex/l3packages/l3keys2e/l3keys2e.sty
Package: l3keys2e 2024-05-08 LaTeX2e option processing using LaTeX3 keys
) (/cloud/home/r2564481/.TinyTeX/texmf-dist/tex/latex/fontspec/fontspec.sty
Package: fontspec 2024/05/11 v2.9e Font selection for XeLaTeX and LuaLaTeX
(/cloud/home/r2564481/.TinyTeX/texmf-dist/tex/latex/fontspec/fontspec-xetex.sty
Package: fontspec-xetex 2024/05/11 v2.9e Font selection for XeLaTeX and LuaLaTeX
\l__fontspec_script_int=\count280
\l__fontspec_language_int=\count281
\l__fontspec_strnum_int=\count282
\l__fontspec_tmp_int=\count283
\l__fontspec_tmpa_int=\count284
\l__fontspec_tmpb_int=\count285
\l__fontspec_tmpc_int=\count286
\l__fontspec_em_int=\count287
\l__fontspec_emdef_int=\count288
\l__fontspec_strong_int=\count289
\l__fontspec_strongdef_int=\count290
\l__fontspec_tmpa_dim=\dimen151
\l__fontspec_tmpb_dim=\dimen152
\l__fontspec_tmpc_dim=\dimen153
(/cloud/home/r2564481/.TinyTeX/texmf-dist/tex/latex/base/fontenc.sty
Package: fontenc 2021/04/29 v2.0v Standard LaTeX package
) (/cloud/home/r2564481/.TinyTeX/texmf-dist/tex/latex/fontspec/fontspec.cfg))) (/cloud/home/r2564481/.TinyTeX/texmf-dist/tex/latex/base/fix-cm.sty
Package: fix-cm 2020/11/24 v1.1t fixes to LaTeX
(/cloud/home/r2564481/.TinyTeX/texmf-dist/tex/latex/base/ts1enc.def
File: ts1enc.def 2001/06/05 v3.0e (jk/car/fm) Standard LaTeX file
LaTeX Font Info:    Redeclaring font encoding TS1 on input line 47.
))
\g__um_fam_int=\count291
\g__um_fonts_used_int=\count292
\l__um_primecount_int=\count293
\g__um_primekern_muskip=\muskip18
(/cloud/home/r2564481/.TinyTeX/texmf-dist/tex/latex/unicode-math/unicode-math-table.tex))) (/cloud/home/r2564481/.TinyTeX/texmf-dist/tex/latex/lm/lmodern.sty
Package: lmodern 2015/05/01 v1.6.1 Latin Modern Fonts
LaTeX Font Info:    Overwriting symbol font `operators' in version `normal'
(Font)                  OT1/cmr/m/n --> OT1/lmr/m/n on input line 22.
LaTeX Font Info:    Overwriting symbol font `letters' in version `normal'
(Font)                  OML/cmm/m/it --> OML/lmm/m/it on input line 23.
LaTeX Font Info:    Overwriting symbol font `symbols' in version `normal'
(Font)                  OMS/cmsy/m/n --> OMS/lmsy/m/n on input line 24.
LaTeX Font Info:    Overwriting symbol font `largesymbols' in version `normal'
(Font)                  OMX/cmex/m/n --> OMX/lmex/m/n on input line 25.
LaTeX Font Info:    Overwriting symbol font `operators' in version `bold'
(Font)                  OT1/cmr/bx/n --> OT1/lmr/bx/n on input line 26.
LaTeX Font Info:    Overwriting symbol font `letters' in version `bold'
(Font)                  OML/cmm/b/it --> OML/lmm/b/it on input line 27.
LaTeX Font Info:    Overwriting symbol font `symbols' in version `bold'
(Font)                  OMS/cmsy/b/n --> OMS/lmsy/b/n on input line 28.
LaTeX Font Info:    Overwriting symbol font `largesymbols' in version `bold'
(Font)                  OMX/cmex/m/n --> OMX/lmex/m/n on input line 29.
LaTeX Font Info:    Overwriting math alphabet `\mathbf' in version `normal'
(Font)                  OT1/cmr/bx/n --> OT1/lmr/bx/n on input line 31.
LaTeX Font Info:    Overwriting math alphabet `\mathsf' in version `normal'
(Font)                  OT1/cmss/m/n --> OT1/lmss/m/n on input line 32.
LaTeX Font Info:    Overwriting math alphabet `\mathit' in version `normal'
(Font)                  OT1/cmr/m/it --> OT1/lmr/m/it on input line 33.
LaTeX Font Info:    Overwriting math alphabet `\mathtt' in version `normal'
(Font)                  OT1/cmtt/m/n --> OT1/lmtt/m/n on input line 34.
LaTeX Font Info:    Overwriting math alphabet `\mathbf' in version `bold'
(Font)                  OT1/cmr/bx/n --> OT1/lmr/bx/n on input line 35.
LaTeX Font Info:    Overwriting math alphabet `\mathsf' in version `bold'
(Font)                  OT1/cmss/bx/n --> OT1/lmss/bx/n on input line 36.
LaTeX Font Info:    Overwriting math alphabet `\mathit' in version `bold'
(Font)                  OT1/cmr/bx/it --> OT1/lmr/bx/it on input line 37.
LaTeX Font Info:    Overwriting math alphabet `\mathtt' in version `bold'
(Font)                  OT1/cmtt/m/n --> OT1/lmtt/m/n on input line 38.
) (/cloud/home/r2564481/.TinyTeX/texmf-dist/tex/latex/upquote/upquote.sty
Package: upquote 2012/04/19 v1.3 upright-quote and grave-accent glyphs in verbatim
(/cloud/home/r2564481/.TinyTeX/texmf-dist/tex/latex/base/textcomp.sty
Package: textcomp 2024/04/24 v2.1b Standard LaTeX package
)) (/cloud/home/r2564481/.TinyTeX/texmf-dist/tex/latex/microtype/microtype.sty
Package: microtype 2024/03/29 v3.1b Micro-typographical refinements (RS)
(/cloud/home/r2564481/.TinyTeX/texmf-dist/tex/latex/graphics/keyval.sty
Package: keyval 2022/05/29 v1.15 key=value parser (DPC)
\KV@toks@=\toks22
) (/cloud/home/r2564481/.TinyTeX/texmf-dist/tex/latex/etoolbox/etoolbox.sty
Package: etoolbox 2020/10/05 v2.5k e-TeX tools for LaTeX (JAW)
\etb@tempcnta=\count294
)
\MT@toks=\toks23
\MT@tempbox=\box55
\MT@count=\count295
LaTeX Info: Redefining \noprotrusionifhmode on input line 1061.
LaTeX Info: Redefining \leftprotrusion on input line 1062.
\MT@prot@toks=\toks24
LaTeX Info: Redefining \rightprotrusion on input line 1081.
LaTeX Info: Redefining \textls on input line 1392.
\MT@outer@kern=\dimen154
LaTeX Info: Redefining \textmicrotypecontext on input line 2013.
\MT@listname@count=\count296
(/cloud/home/r2564481/.TinyTeX/texmf-dist/tex/latex/microtype/microtype-xetex.def
File: microtype-xetex.def 2024/03/29 v3.1b Definitions specific to xetex (RS)
LaTeX Info: Redefining \lsstyle on input line 238.
)
Package microtype Info: Loading configuration file microtype.cfg.
(/cloud/home/r2564481/.TinyTeX/texmf-dist/tex/latex/microtype/microtype.cfg
File: microtype.cfg 2024/03/29 v3.1b microtype main configuration file (RS)
)) (/cloud/home/r2564481/.TinyTeX/texmf-dist/tex/latex/parskip/parskip.sty
Package: parskip 2021-03-14 v2.0h non-zero parskip adjustments
(/cloud/home/r2564481/.TinyTeX/texmf-dist/tex/latex/kvoptions/kvoptions.sty
Package: kvoptions 2022-06-15 v3.15 Key value format for package options (HO)
(/cloud/home/r2564481/.TinyTeX/texmf-dist/tex/generic/ltxcmds/ltxcmds.sty
Package: ltxcmds 2023-12-04 v1.26 LaTeX kernel commands for general use (HO)
) (/cloud/home/r2564481/.TinyTeX/texmf-dist/tex/latex/kvsetkeys/kvsetkeys.sty
Package: kvsetkeys 2022-10-05 v1.19 Key value parser (HO)
))) (/cloud/home/r2564481/.TinyTeX/texmf-dist/tex/latex/xcolor/xcolor.sty
Package: xcolor 2023/11/15 v3.01 LaTeX color extensions (UK)
(/cloud/home/r2564481/.TinyTeX/texmf-dist/tex/latex/graphics-cfg/color.cfg
File: color.cfg 2016/01/02 v1.6 sample color configuration
)
Package xcolor Info: Driver file: xetex.def on input line 274.
(/cloud/home/r2564481/.TinyTeX/texmf-dist/tex/latex/graphics-def/xetex.def
File: xetex.def 2022/09/22 v5.0n Graphics/color driver for xetex
) (/cloud/home/r2564481/.TinyTeX/texmf-dist/tex/latex/graphics/mathcolor.ltx)
Package xcolor Info: Model `cmy' substituted by `cmy0' on input line 1350.
Package xcolor Info: Model `RGB' extended on input line 1366.
Package xcolor Info: Model `HTML' substituted by `rgb' on input line 1368.
Package xcolor Info: Model `Hsb' substituted by `hsb' on input line 1369.
Package xcolor Info: Model `tHsb' substituted by `hsb' on input line 1370.
Package xcolor Info: Model `HSB' substituted by `hsb' on input line 1371.
Package xcolor Info: Model `Gray' substituted by `gray' on input line 1372.
Package xcolor Info: Model `wave' substituted by `hsb' on input line 1373.
) (/cloud/home/r2564481/.TinyTeX/texmf-dist/tex/latex/graphics/dvipsnam.def
File: dvipsnam.def 2016/06/17 v3.0m Driver-dependent file (DPC,SPQR)
) (/cloud/home/r2564481/.TinyTeX/texmf-dist/tex/latex/xcolor/svgnam.def
File: svgnam.def 2023/11/15 v3.01 Predefined colors according to SVG 1.1 (UK)
) (/cloud/home/r2564481/.TinyTeX/texmf-dist/tex/latex/xcolor/x11nam.def
File: x11nam.def 2023/11/15 v3.01 Predefined colors according to Unix/X11 (UK)
) (/cloud/home/r2564481/.TinyTeX/texmf-dist/tex/latex/geometry/geometry.sty
Package: geometry 2020/01/02 v5.9 Page Geometry
(/cloud/home/r2564481/.TinyTeX/texmf-dist/tex/generic/iftex/ifvtex.sty
Package: ifvtex 2019/10/25 v1.7 ifvtex legacy package. Use iftex instead.
)
\Gm@cnth=\count297
\Gm@cntv=\count298
\c@Gm@tempcnt=\count299
\Gm@bindingoffset=\dimen155
\Gm@wd@mp=\dimen156
\Gm@odd@mp=\dimen157
\Gm@even@mp=\dimen158
\Gm@layoutwidth=\dimen159
\Gm@layoutheight=\dimen160
\Gm@layouthoffset=\dimen161
\Gm@layoutvoffset=\dimen162
\Gm@dimlist=\toks25
) (/cloud/home/r2564481/.TinyTeX/texmf-dist/tex/latex/tools/longtable.sty
Package: longtable 2024-04-26 v4.20 Multi-page Table package (DPC)
\LTleft=\skip54
\LTright=\skip55
\LTpre=\skip56
\LTpost=\skip57
\LTchunksize=\count300
\LTcapwidth=\dimen163
\LT@head=\box56
\LT@firsthead=\box57
\LT@foot=\box58
\LT@lastfoot=\box59
\LT@gbox=\box60
\LT@cols=\count301
\LT@rows=\count302
\c@LT@tables=\count303
\c@LT@chunks=\count304
\LT@p@ftn=\toks26
) (/cloud/home/r2564481/.TinyTeX/texmf-dist/tex/latex/booktabs/booktabs.sty
Package: booktabs 2020/01/12 v1.61803398 Publication quality tables
\heavyrulewidth=\dimen164
\lightrulewidth=\dimen165
\cmidrulewidth=\dimen166
\belowrulesep=\dimen167
\belowbottomsep=\dimen168
\aboverulesep=\dimen169
\abovetopsep=\dimen170
\cmidrulesep=\dimen171
\cmidrulekern=\dimen172
\defaultaddspace=\dimen173
\@cmidla=\count305
\@cmidlb=\count306
\@aboverulesep=\dimen174
\@belowrulesep=\dimen175
\@thisruleclass=\count307
\@lastruleclass=\count308
\@thisrulewidth=\dimen176
) (/cloud/home/r2564481/.TinyTeX/texmf-dist/tex/latex/tools/array.sty
Package: array 2024/06/14 v2.6d Tabular extension package (FMi)
\col@sep=\dimen177
\ar@mcellbox=\box61
\extrarowheight=\dimen178
\NC@list=\toks27
\extratabsurround=\skip58
\backup@length=\skip59
\ar@cellbox=\box62
) (/cloud/home/r2564481/.TinyTeX/texmf-dist/tex/latex/tools/calc.sty
Package: calc 2023/07/08 v4.3 Infix arithmetic (KKT,FJ)
\calc@Acount=\count309
\calc@Bcount=\count310
\calc@Adimen=\dimen179
\calc@Bdimen=\dimen180
\calc@Askip=\skip60
\calc@Bskip=\skip61
LaTeX Info: Redefining \setlength on input line 80.
LaTeX Info: Redefining \addtolength on input line 81.
\calc@Ccount=\count311
\calc@Cskip=\skip62
) (/cloud/home/r2564481/.TinyTeX/texmf-dist/tex/latex/mdwtools/footnote.sty
Package: footnote 1997/01/28 1.13 Save footnotes around boxes
\fn@notes=\box63
\fn@width=\dimen181
) (/cloud/home/r2564481/.TinyTeX/texmf-dist/tex/latex/graphics/graphicx.sty
Package: graphicx 2021/09/16 v1.2d Enhanced LaTeX Graphics (DPC,SPQR)
(/cloud/home/r2564481/.TinyTeX/texmf-dist/tex/latex/graphics/graphics.sty
Package: graphics 2024/05/23 v1.4g Standard LaTeX Graphics (DPC,SPQR)
(/cloud/home/r2564481/.TinyTeX/texmf-dist/tex/latex/graphics/trig.sty
Package: trig 2023/12/02 v1.11 sin cos tan (DPC)
) (/cloud/home/r2564481/.TinyTeX/texmf-dist/tex/latex/graphics-cfg/graphics.cfg
File: graphics.cfg 2016/06/04 v1.11 sample graphics configuration
)
Package graphics Info: Driver file: xetex.def on input line 106.
)
\Gin@req@height=\dimen182
\Gin@req@width=\dimen183
) (/cloud/home/r2564481/.TinyTeX/texmf-dist/tex/latex/diagbox/diagbox.sty
Package: diagbox 2020/02/09 v2.3 Making table heads with diagonal lines
(/cloud/home/r2564481/.TinyTeX/texmf-dist/tex/latex/pict2e/pict2e.sty
Package: pict2e 2020/09/30 v0.4b Improved picture commands (HjG,RN,JT)
(/cloud/home/r2564481/.TinyTeX/texmf-dist/tex/latex/pict2e/pict2e.cfg
File: pict2e.cfg 2016/02/05 v0.1u pict2e configuration for teTeX/TeXLive
)
Package pict2e Info: Driver file: xetex.def on input line 112.
Package pict2e Info: Driver file for pict2e: p2e-xetex.def on input line 114.
(/cloud/home/r2564481/.TinyTeX/texmf-dist/tex/latex/pict2e/p2e-xetex.def
File: p2e-xetex.def 2016/02/05 v0.1u Driver-dependant file (RN,HjG,JT)
)
\pIIe@GRAPH=\toks28
\@arclen=\dimen184
\@arcrad=\dimen185
\pIIe@tempdima=\dimen186
\pIIe@tempdimb=\dimen187
\pIIe@tempdimc=\dimen188
\pIIe@tempdimd=\dimen189
\pIIe@tempdime=\dimen190
\pIIe@tempdimf=\dimen191
)
\diagbox@boxa=\box64
\diagbox@boxb=\box65
\diagbox@boxm=\box66
\diagbox@wd=\dimen192
\diagbox@ht=\dimen193
\diagbox@insepl=\dimen194
\diagbox@insepr=\dimen195
\diagbox@outsepl=\dimen196
\diagbox@outsepr=\dimen197
) (/cloud/home/r2564481/.TinyTeX/texmf-dist/tex/latex/base/inputenc.sty
Package: inputenc 2024/02/08 v1.3d Input encoding file
\inpenc@prehook=\toks29
\inpenc@posthook=\toks30

Package inputenc Warning: inputenc package ignored with utf8 based engines.

) (/cloud/home/r2564481/.TinyTeX/texmf-dist/tex/latex/setspace/setspace.sty
Package: setspace 2022/12/04 v6.7b set line spacing
) (/cloud/home/r2564481/.TinyTeX/texmf-dist/tex/latex/tocloft/tocloft.sty
Package: tocloft 2017/08/31 v2.3i parameterised ToC, etc., typesetting
Package tocloft Info: The document has chapter divisions on input line 51.
\cftparskip=\skip63
\cftbeforetoctitleskip=\skip64
\cftaftertoctitleskip=\skip65
\cftbeforepartskip=\skip66
\cftpartnumwidth=\skip67
\cftpartindent=\skip68
\cftbeforechapskip=\skip69
\cftchapindent=\skip70
\cftchapnumwidth=\skip71
\cftbeforesecskip=\skip72
\cftsecindent=\skip73
\cftsecnumwidth=\skip74
\cftbeforesubsecskip=\skip75
\cftsubsecindent=\skip76
\cftsubsecnumwidth=\skip77
\cftbeforesubsubsecskip=\skip78
\cftsubsubsecindent=\skip79
\cftsubsubsecnumwidth=\skip80
\cftbeforeparaskip=\skip81
\cftparaindent=\skip82
\cftparanumwidth=\skip83
\cftbeforesubparaskip=\skip84
\cftsubparaindent=\skip85
\cftsubparanumwidth=\skip86
\cftbeforeloftitleskip=\skip87
\cftafterloftitleskip=\skip88
\cftbeforefigskip=\skip89
\cftfigindent=\skip90
\cftfignumwidth=\skip91
\c@lofdepth=\count312
\c@lotdepth=\count313
\cftbeforelottitleskip=\skip92
\cftafterlottitleskip=\skip93
\cftbeforetabskip=\skip94
\cfttabindent=\skip95
\cfttabnumwidth=\skip96

Package tocloft Warning: \@starttoc has already been redefined; tocloft bailing out. on input line 1156.

) (/cloud/home/r2564481/.TinyTeX/texmf-dist/tex/latex/base/makeidx.sty
Package: makeidx 2021/10/04 v1.0m Standard LaTeX package
) (/cloud/home/r2564481/.TinyTeX/texmf-dist/tex/xetex/xetexko/xetexko.sty
Package: xetexko 2024/03/01 v4.3 typesetting Korean with XeTeX
\XeTeXcharclassID=\XeTeXcharclass1
\XeTeXcharclassCJ=\XeTeXcharclass2
\XeTeXcharclassOP=\XeTeXcharclass3
\XeTeXcharclassCL=\XeTeXcharclass4
\XeTeXcharclassEX=\XeTeXcharclass5
\XeTeXcharclassCM=\XeTeXcharclass6
(/cloud/home/r2564481/.TinyTeX/texmf-dist/tex/generic/unicode-data/load-unicode-xetex-classes.tex 
load-unicode-xetex-classes.tex v1.17 (2023-09-18)
Reading Unicode east Asian character class data
# LineBreak-15.1.0.txt 
# Date: 2023-07-28, 13:19:22 GMT [KW] 
# EastAsianWidth-15.1.0.txt 
# Date: 2023-07-28, 23:34:08 GMT 
)
\XeTeXcharclassHG=\XeTeXcharclass7
\XeTeXcharclassJJ=\XeTeXcharclass8
\XeTeXcharclassMD=\XeTeXcharclass9
\XeTeXcharclassFS=\XeTeXcharclass10
\XeTeXcharclassLD=\XeTeXcharclass11
\XeTeXcharclassSY=\XeTeXcharclass12
\XeTeXcharclassAO=\XeTeXcharclass13
\XeTeXcharclassAC=\XeTeXcharclass14
\XeTeXcharclassAM=\XeTeXcharclass15
\XeTeXcharclassAH=\XeTeXcharclass16
\XeTeXcharclassAP=\XeTeXcharclass17
\XeTeXcharclassVC=\XeTeXcharclass18
\XeKo@toks@=\toks31
\XeKo@toks@ii=\toks32
\XeKo@skip@=\skip97
\XeKo@count@=\count314
\XeKo@dimen@=\dimen198
\XeKo@box@=\box67
\XeKo@dotemph@box=\box68
(/cloud/home/r2564481/.TinyTeX/texmf-dist/tex/latex/cjk-ko/kolabels-utf.sty
Package: kolabels-utf 2015/03/20 v1.5 UTF-8 Hangul item labels
) (/cloud/home/r2564481/.TinyTeX/texmf-dist/tex/latex/cjk-ko/konames-utf.sty
Package: konames-utf 2015/07/06 v1.7 UTF-8 Hangul captions
)) (/cloud/home/r2564481/.TinyTeX/texmf-dist/tex/latex/listings/listings.sty
\lst@mode=\count315
\lst@gtempboxa=\box69
\lst@token=\toks33
\lst@length=\count316
\lst@currlwidth=\dimen199
\lst@column=\count317
\lst@pos=\count318
\lst@lostspace=\dimen256
\lst@width=\dimen257
\lst@newlines=\count319
\lst@lineno=\count320
\lst@maxwidth=\dimen258
(/cloud/home/r2564481/.TinyTeX/texmf-dist/tex/latex/listings/lstpatch.sty
File: lstpatch.sty 2024/05/25 1.10b (Carsten Heinz)
) (/cloud/home/r2564481/.TinyTeX/texmf-dist/tex/latex/listings/lstmisc.sty
File: lstmisc.sty 2024/05/25 1.10b (Carsten Heinz)
\c@lstnumber=\count321
\lst@skipnumbers=\count322
\lst@framebox=\box70
) (/cloud/home/r2564481/.TinyTeX/texmf-dist/tex/latex/listings/listings.cfg
File: listings.cfg 2024/05/25 1.10b listings configuration
))
Package: listings 2024/05/25 1.10b (Carsten Heinz)
(/cloud/home/r2564481/.TinyTeX/texmf-dist/tex/latex/mdframed/mdframed.sty
Package: mdframed 2013/07/01 1.9b: mdframed
(/cloud/home/r2564481/.TinyTeX/texmf-dist/tex/latex/zref/zref-abspage.sty
Package: zref-abspage 2023-09-14 v2.35 Module abspage for zref (HO)
(/cloud/home/r2564481/.TinyTeX/texmf-dist/tex/latex/zref/zref-base.sty
Package: zref-base 2023-09-14 v2.35 Module base for zref (HO)
(/cloud/home/r2564481/.TinyTeX/texmf-dist/tex/generic/infwarerr/infwarerr.sty
Package: infwarerr 2019/12/03 v1.5 Providing info/warning/error messages (HO)
) (/cloud/home/r2564481/.TinyTeX/texmf-dist/tex/generic/kvdefinekeys/kvdefinekeys.sty
Package: kvdefinekeys 2019-12-19 v1.6 Define keys (HO)
) (/cloud/home/r2564481/.TinyTeX/texmf-dist/tex/generic/pdftexcmds/pdftexcmds.sty
Package: pdftexcmds 2020-06-27 v0.33 Utility functions of pdfTeX for LuaTeX (HO)
Package pdftexcmds Info: \pdf@primitive is available.
Package pdftexcmds Info: \pdf@ifprimitive is available.
Package pdftexcmds Info: \pdfdraftmode not found.
) (/cloud/home/r2564481/.TinyTeX/texmf-dist/tex/generic/etexcmds/etexcmds.sty
Package: etexcmds 2019/12/15 v1.7 Avoid name clashes with e-TeX commands (HO)
) (/cloud/home/r2564481/.TinyTeX/texmf-dist/tex/latex/auxhook/auxhook.sty
Package: auxhook 2019-12-17 v1.6 Hooks for auxiliary files (HO)
)
Package zref Info: New property list: main on input line 767.
Package zref Info: New property: default on input line 768.
Package zref Info: New property: page on input line 769.
)
\c@abspage=\count323
Package zref Info: New property: abspage on input line 67.
) (/cloud/home/r2564481/.TinyTeX/texmf-dist/tex/latex/needspace/needspace.sty
Package: needspace 2010/09/12 v1.3d reserve vertical space
)
\mdf@templength=\skip98
\c@mdf@globalstyle@cnt=\count324
\mdf@skipabove@length=\skip99
\mdf@skipbelow@length=\skip100
\mdf@leftmargin@length=\skip101
\mdf@rightmargin@length=\skip102
\mdf@innerleftmargin@length=\skip103
\mdf@innerrightmargin@length=\skip104
\mdf@innertopmargin@length=\skip105
\mdf@innerbottommargin@length=\skip106
\mdf@splittopskip@length=\skip107
\mdf@splitbottomskip@length=\skip108
\mdf@outermargin@length=\skip109
\mdf@innermargin@length=\skip110
\mdf@linewidth@length=\skip111
\mdf@innerlinewidth@length=\skip112
\mdf@middlelinewidth@length=\skip113
\mdf@outerlinewidth@length=\skip114
\mdf@roundcorner@length=\skip115
\mdf@footenotedistance@length=\skip116
\mdf@userdefinedwidth@length=\skip117
\mdf@needspace@length=\skip118
\mdf@frametitleaboveskip@length=\skip119
\mdf@frametitlebelowskip@length=\skip120
\mdf@frametitlerulewidth@length=\skip121
\mdf@frametitleleftmargin@length=\skip122
\mdf@frametitlerightmargin@length=\skip123
\mdf@shadowsize@length=\skip124
\mdf@extratopheight@length=\skip125
\mdf@subtitleabovelinewidth@length=\skip126
\mdf@subtitlebelowlinewidth@length=\skip127
\mdf@subtitleaboveskip@length=\skip128
\mdf@subtitlebelowskip@length=\skip129
\mdf@subtitleinneraboveskip@length=\skip130
\mdf@subtitleinnerbelowskip@length=\skip131
\mdf@subsubtitleabovelinewidth@length=\skip132
\mdf@subsubtitlebelowlinewidth@length=\skip133
\mdf@subsubtitleaboveskip@length=\skip134
\mdf@subsubtitlebelowskip@length=\skip135
\mdf@subsubtitleinneraboveskip@length=\skip136
\mdf@subsubtitleinnerbelowskip@length=\skip137
(/cloud/home/r2564481/.TinyTeX/texmf-dist/tex/latex/pgf/frontendlayer/tikz.sty (/cloud/home/r2564481/.TinyTeX/texmf-dist/tex/latex/pgf/basiclayer/pgf.sty (/cloud/home/r2564481/.TinyTeX/texmf-dist/tex/latex/pgf/utilities/pgfrcs.sty (/cloud/home/r2564481/.TinyTeX/texmf-dist/tex/generic/pgf/utilities/pgfutil-common.tex
\pgfutil@everybye=\toks34
\pgfutil@tempdima=\dimen259
\pgfutil@tempdimb=\dimen260
) (/cloud/home/r2564481/.TinyTeX/texmf-dist/tex/generic/pgf/utilities/pgfutil-latex.def
\pgfutil@abb=\box71
) (/cloud/home/r2564481/.TinyTeX/texmf-dist/tex/generic/pgf/utilities/pgfrcs.code.tex (/cloud/home/r2564481/.TinyTeX/texmf-dist/tex/generic/pgf/pgf.revision.tex)
Package: pgfrcs 2023-01-15 v3.1.10 (3.1.10)
))
Package: pgf 2023-01-15 v3.1.10 (3.1.10)
(/cloud/home/r2564481/.TinyTeX/texmf-dist/tex/latex/pgf/basiclayer/pgfcore.sty (/cloud/home/r2564481/.TinyTeX/texmf-dist/tex/latex/pgf/systemlayer/pgfsys.sty (/cloud/home/r2564481/.TinyTeX/texmf-dist/tex/generic/pgf/systemlayer/pgfsys.code.tex
Package: pgfsys 2023-01-15 v3.1.10 (3.1.10)
(/cloud/home/r2564481/.TinyTeX/texmf-dist/tex/generic/pgf/utilities/pgfkeys.code.tex
\pgfkeys@pathtoks=\toks35
\pgfkeys@temptoks=\toks36
(/cloud/home/r2564481/.TinyTeX/texmf-dist/tex/generic/pgf/utilities/pgfkeyslibraryfiltered.code.tex
\pgfkeys@tmptoks=\toks37
))
\pgf@x=\dimen261
\pgf@y=\dimen262
\pgf@xa=\dimen263
\pgf@ya=\dimen264
\pgf@xb=\dimen265
\pgf@yb=\dimen266
\pgf@xc=\dimen267
\pgf@yc=\dimen268
\pgf@xd=\dimen269
\pgf@yd=\dimen270
\w@pgf@writea=\write3
\r@pgf@reada=\read2
\c@pgf@counta=\count325
\c@pgf@countb=\count326
\c@pgf@countc=\count327
\c@pgf@countd=\count328
\t@pgf@toka=\toks38
\t@pgf@tokb=\toks39
\t@pgf@tokc=\toks40
\pgf@sys@id@count=\count329
(/cloud/home/r2564481/.TinyTeX/texmf-dist/tex/generic/pgf/systemlayer/pgf.cfg
File: pgf.cfg 2023-01-15 v3.1.10 (3.1.10)
)
Driver file for pgf: pgfsys-xetex.def
(/cloud/home/r2564481/.TinyTeX/texmf-dist/tex/generic/pgf/systemlayer/pgfsys-xetex.def
File: pgfsys-xetex.def 2023-01-15 v3.1.10 (3.1.10)
(/cloud/home/r2564481/.TinyTeX/texmf-dist/tex/generic/pgf/systemlayer/pgfsys-dvipdfmx.def
File: pgfsys-dvipdfmx.def 2023-01-15 v3.1.10 (3.1.10)
(/cloud/home/r2564481/.TinyTeX/texmf-dist/tex/generic/pgf/systemlayer/pgfsys-common-pdf.def
File: pgfsys-common-pdf.def 2023-01-15 v3.1.10 (3.1.10)
)
\pgfsys@objnum=\count330
))) (/cloud/home/r2564481/.TinyTeX/texmf-dist/tex/generic/pgf/systemlayer/pgfsyssoftpath.code.tex
File: pgfsyssoftpath.code.tex 2023-01-15 v3.1.10 (3.1.10)
\pgfsyssoftpath@smallbuffer@items=\count331
\pgfsyssoftpath@bigbuffer@items=\count332
) (/cloud/home/r2564481/.TinyTeX/texmf-dist/tex/generic/pgf/systemlayer/pgfsysprotocol.code.tex
File: pgfsysprotocol.code.tex 2023-01-15 v3.1.10 (3.1.10)
)) (/cloud/home/r2564481/.TinyTeX/texmf-dist/tex/generic/pgf/basiclayer/pgfcore.code.tex
Package: pgfcore 2023-01-15 v3.1.10 (3.1.10)
(/cloud/home/r2564481/.TinyTeX/texmf-dist/tex/generic/pgf/math/pgfmath.code.tex (/cloud/home/r2564481/.TinyTeX/texmf-dist/tex/generic/pgf/math/pgfmathutil.code.tex) (/cloud/home/r2564481/.TinyTeX/texmf-dist/tex/generic/pgf/math/pgfmathparser.code.tex
\pgfmath@dimen=\dimen271
\pgfmath@count=\count333
\pgfmath@box=\box72
\pgfmath@toks=\toks41
\pgfmath@stack@operand=\toks42
\pgfmath@stack@operation=\toks43
) (/cloud/home/r2564481/.TinyTeX/texmf-dist/tex/generic/pgf/math/pgfmathfunctions.code.tex) (/cloud/home/r2564481/.TinyTeX/texmf-dist/tex/generic/pgf/math/pgfmathfunctions.basic.code.tex) (/cloud/home/r2564481/.TinyTeX/texmf-dist/tex/generic/pgf/math/pgfmathfunctions.trigonometric.code.tex) (/cloud/home/r2564481/.TinyTeX/texmf-dist/tex/generic/pgf/math/pgfmathfunctions.random.code.tex) (/cloud/home/r2564481/.TinyTeX/texmf-dist/tex/generic/pgf/math/pgfmathfunctions.comparison.code.tex) (/cloud/home/r2564481/.TinyTeX/texmf-dist/tex/generic/pgf/math/pgfmathfunctions.base.code.tex) (/cloud/home/r2564481/.TinyTeX/texmf-dist/tex/generic/pgf/math/pgfmathfunctions.round.code.tex) (/cloud/home/r2564481/.TinyTeX/texmf-dist/tex/generic/pgf/math/pgfmathfunctions.misc.code.tex) (/cloud/home/r2564481/.TinyTeX/texmf-dist/tex/generic/pgf/math/pgfmathfunctions.integerarithmetics.code.tex) (/cloud/home/r2564481/.TinyTeX/texmf-dist/tex/generic/pgf/math/pgfmathcalc.code.tex) (/cloud/home/r2564481/.TinyTeX/texmf-dist/tex/generic/pgf/math/pgfmathfloat.code.tex
\c@pgfmathroundto@lastzeros=\count334
)) (/cloud/home/r2564481/.TinyTeX/texmf-dist/tex/generic/pgf/math/pgfint.code.tex) (/cloud/home/r2564481/.TinyTeX/texmf-dist/tex/generic/pgf/basiclayer/pgfcorepoints.code.tex
File: pgfcorepoints.code.tex 2023-01-15 v3.1.10 (3.1.10)
\pgf@picminx=\dimen272
\pgf@picmaxx=\dimen273
\pgf@picminy=\dimen274
\pgf@picmaxy=\dimen275
\pgf@pathminx=\dimen276
\pgf@pathmaxx=\dimen277
\pgf@pathminy=\dimen278
\pgf@pathmaxy=\dimen279
\pgf@xx=\dimen280
\pgf@xy=\dimen281
\pgf@yx=\dimen282
\pgf@yy=\dimen283
\pgf@zx=\dimen284
\pgf@zy=\dimen285
) (/cloud/home/r2564481/.TinyTeX/texmf-dist/tex/generic/pgf/basiclayer/pgfcorepathconstruct.code.tex
File: pgfcorepathconstruct.code.tex 2023-01-15 v3.1.10 (3.1.10)
\pgf@path@lastx=\dimen286
\pgf@path@lasty=\dimen287
) (/cloud/home/r2564481/.TinyTeX/texmf-dist/tex/generic/pgf/basiclayer/pgfcorepathusage.code.tex
File: pgfcorepathusage.code.tex 2023-01-15 v3.1.10 (3.1.10)
\pgf@shorten@end@additional=\dimen288
\pgf@shorten@start@additional=\dimen289
) (/cloud/home/r2564481/.TinyTeX/texmf-dist/tex/generic/pgf/basiclayer/pgfcorescopes.code.tex
File: pgfcorescopes.code.tex 2023-01-15 v3.1.10 (3.1.10)
\pgfpic=\box73
\pgf@hbox=\box74
\pgf@layerbox@main=\box75
\pgf@picture@serial@count=\count335
) (/cloud/home/r2564481/.TinyTeX/texmf-dist/tex/generic/pgf/basiclayer/pgfcoregraphicstate.code.tex
File: pgfcoregraphicstate.code.tex 2023-01-15 v3.1.10 (3.1.10)
\pgflinewidth=\dimen290
) (/cloud/home/r2564481/.TinyTeX/texmf-dist/tex/generic/pgf/basiclayer/pgfcoretransformations.code.tex
File: pgfcoretransformations.code.tex 2023-01-15 v3.1.10 (3.1.10)
\pgf@pt@x=\dimen291
\pgf@pt@y=\dimen292
\pgf@pt@temp=\dimen293
) (/cloud/home/r2564481/.TinyTeX/texmf-dist/tex/generic/pgf/basiclayer/pgfcorequick.code.tex
File: pgfcorequick.code.tex 2023-01-15 v3.1.10 (3.1.10)
) (/cloud/home/r2564481/.TinyTeX/texmf-dist/tex/generic/pgf/basiclayer/pgfcoreobjects.code.tex
File: pgfcoreobjects.code.tex 2023-01-15 v3.1.10 (3.1.10)
) (/cloud/home/r2564481/.TinyTeX/texmf-dist/tex/generic/pgf/basiclayer/pgfcorepathprocessing.code.tex
File: pgfcorepathprocessing.code.tex 2023-01-15 v3.1.10 (3.1.10)
) (/cloud/home/r2564481/.TinyTeX/texmf-dist/tex/generic/pgf/basiclayer/pgfcorearrows.code.tex
File: pgfcorearrows.code.tex 2023-01-15 v3.1.10 (3.1.10)
\pgfarrowsep=\dimen294
) (/cloud/home/r2564481/.TinyTeX/texmf-dist/tex/generic/pgf/basiclayer/pgfcoreshade.code.tex
File: pgfcoreshade.code.tex 2023-01-15 v3.1.10 (3.1.10)
\pgf@max=\dimen295
\pgf@sys@shading@range@num=\count336
\pgf@shadingcount=\count337
) (/cloud/home/r2564481/.TinyTeX/texmf-dist/tex/generic/pgf/basiclayer/pgfcoreimage.code.tex
File: pgfcoreimage.code.tex 2023-01-15 v3.1.10 (3.1.10)
) (/cloud/home/r2564481/.TinyTeX/texmf-dist/tex/generic/pgf/basiclayer/pgfcoreexternal.code.tex
File: pgfcoreexternal.code.tex 2023-01-15 v3.1.10 (3.1.10)
\pgfexternal@startupbox=\box76
) (/cloud/home/r2564481/.TinyTeX/texmf-dist/tex/generic/pgf/basiclayer/pgfcorelayers.code.tex
File: pgfcorelayers.code.tex 2023-01-15 v3.1.10 (3.1.10)
) (/cloud/home/r2564481/.TinyTeX/texmf-dist/tex/generic/pgf/basiclayer/pgfcoretransparency.code.tex
File: pgfcoretransparency.code.tex 2023-01-15 v3.1.10 (3.1.10)
) (/cloud/home/r2564481/.TinyTeX/texmf-dist/tex/generic/pgf/basiclayer/pgfcorepatterns.code.tex
File: pgfcorepatterns.code.tex 2023-01-15 v3.1.10 (3.1.10)
) (/cloud/home/r2564481/.TinyTeX/texmf-dist/tex/generic/pgf/basiclayer/pgfcorerdf.code.tex
File: pgfcorerdf.code.tex 2023-01-15 v3.1.10 (3.1.10)
))) (/cloud/home/r2564481/.TinyTeX/texmf-dist/tex/generic/pgf/modules/pgfmoduleshapes.code.tex
File: pgfmoduleshapes.code.tex 2023-01-15 v3.1.10 (3.1.10)
\pgfnodeparttextbox=\box77
) (/cloud/home/r2564481/.TinyTeX/texmf-dist/tex/generic/pgf/modules/pgfmoduleplot.code.tex
File: pgfmoduleplot.code.tex 2023-01-15 v3.1.10 (3.1.10)
) (/cloud/home/r2564481/.TinyTeX/texmf-dist/tex/latex/pgf/compatibility/pgfcomp-version-0-65.sty
Package: pgfcomp-version-0-65 2023-01-15 v3.1.10 (3.1.10)
\pgf@nodesepstart=\dimen296
\pgf@nodesepend=\dimen297
) (/cloud/home/r2564481/.TinyTeX/texmf-dist/tex/latex/pgf/compatibility/pgfcomp-version-1-18.sty
Package: pgfcomp-version-1-18 2023-01-15 v3.1.10 (3.1.10)
)) (/cloud/home/r2564481/.TinyTeX/texmf-dist/tex/latex/pgf/utilities/pgffor.sty (/cloud/home/r2564481/.TinyTeX/texmf-dist/tex/latex/pgf/utilities/pgfkeys.sty (/cloud/home/r2564481/.TinyTeX/texmf-dist/tex/generic/pgf/utilities/pgfkeys.code.tex)) (/cloud/home/r2564481/.TinyTeX/texmf-dist/tex/latex/pgf/math/pgfmath.sty (/cloud/home/r2564481/.TinyTeX/texmf-dist/tex/generic/pgf/math/pgfmath.code.tex)) (/cloud/home/r2564481/.TinyTeX/texmf-dist/tex/generic/pgf/utilities/pgffor.code.tex
Package: pgffor 2023-01-15 v3.1.10 (3.1.10)
\pgffor@iter=\dimen298
\pgffor@skip=\dimen299
\pgffor@stack=\toks44
\pgffor@toks=\toks45
)) (/cloud/home/r2564481/.TinyTeX/texmf-dist/tex/generic/pgf/frontendlayer/tikz/tikz.code.tex
Package: tikz 2023-01-15 v3.1.10 (3.1.10)
(/cloud/home/r2564481/.TinyTeX/texmf-dist/tex/generic/pgf/libraries/pgflibraryplothandlers.code.tex
File: pgflibraryplothandlers.code.tex 2023-01-15 v3.1.10 (3.1.10)
\pgf@plot@mark@count=\count338
\pgfplotmarksize=\dimen300
)
\tikz@lastx=\dimen301
\tikz@lasty=\dimen302
\tikz@lastxsaved=\dimen303
\tikz@lastysaved=\dimen304
\tikz@lastmovetox=\dimen305
\tikz@lastmovetoy=\dimen306
\tikzleveldistance=\dimen307
\tikzsiblingdistance=\dimen308
\tikz@figbox=\box78
\tikz@figbox@bg=\box79
\tikz@tempbox=\box80
\tikz@tempbox@bg=\box81
\tikztreelevel=\count339
\tikznumberofchildren=\count340
\tikznumberofcurrentchild=\count341
\tikz@fig@count=\count342
(/cloud/home/r2564481/.TinyTeX/texmf-dist/tex/generic/pgf/modules/pgfmodulematrix.code.tex
File: pgfmodulematrix.code.tex 2023-01-15 v3.1.10 (3.1.10)
\pgfmatrixcurrentrow=\count343
\pgfmatrixcurrentcolumn=\count344
\pgf@matrix@numberofcolumns=\count345
)
\tikz@expandcount=\count346
(/cloud/home/r2564481/.TinyTeX/texmf-dist/tex/generic/pgf/frontendlayer/tikz/libraries/tikzlibrarytopaths.code.tex
File: tikzlibrarytopaths.code.tex 2023-01-15 v3.1.10 (3.1.10)
))) (/cloud/home/r2564481/.TinyTeX/texmf-dist/tex/latex/mdframed/md-frame-1.mdf
File: md-frame-1.mdf 2013/07/01\ 1.9b: md-frame-1
)
\mdf@frametitlebox=\box82
\mdf@footnotebox=\box83
\mdf@splitbox@one=\box84
\mdf@splitbox@two=\box85
\mdf@splitbox@save=\box86
\mdfsplitboxwidth=\skip138
\mdfsplitboxtotalwidth=\skip139
\mdfsplitboxheight=\skip140
\mdfsplitboxdepth=\skip141
\mdfsplitboxtotalheight=\skip142
\mdfframetitleboxwidth=\skip143
\mdfframetitleboxtotalwidth=\skip144
\mdfframetitleboxheight=\skip145
\mdfframetitleboxdepth=\skip146
\mdfframetitleboxtotalheight=\skip147
\mdffootnoteboxwidth=\skip148
\mdffootnoteboxtotalwidth=\skip149
\mdffootnoteboxheight=\skip150
\mdffootnoteboxdepth=\skip151
\mdffootnoteboxtotalheight=\skip152
\mdftotallinewidth=\skip153
\mdfboundingboxwidth=\skip154
\mdfboundingboxtotalwidth=\skip155
\mdfboundingboxheight=\skip156
\mdfboundingboxdepth=\skip157
\mdfboundingboxtotalheight=\skip158
\mdf@freevspace@length=\skip159
\mdf@horizontalwidthofbox@length=\skip160
\mdf@verticalmarginwhole@length=\skip161
\mdf@horizontalspaceofbox=\skip162
\mdfsubtitleheight=\skip163
\mdfsubsubtitleheight=\skip164
\c@mdfcountframes=\count347

****** mdframed patching \endmdf@trivlist

****** -- success******

\mdf@envdepth=\count348
\c@mdf@env@i=\count349
\c@mdf@env@ii=\count350
\c@mdf@zref@counter=\count351
Package zref Info: New property: mdf@pagevalue on input line 895.
) (/cloud/home/r2564481/.TinyTeX/texmf-dist/tex/latex/hyperref/hyperref.sty
Package: hyperref 2024-07-10 v7.01j Hypertext links for LaTeX
(/cloud/home/r2564481/.TinyTeX/texmf-dist/tex/generic/pdfescape/pdfescape.sty
Package: pdfescape 2019/12/09 v1.15 Implements pdfTeX's escape features (HO)
) (/cloud/home/r2564481/.TinyTeX/texmf-dist/tex/latex/hycolor/hycolor.sty
Package: hycolor 2020-01-27 v1.10 Color options for hyperref/bookmark (HO)
) (/cloud/home/r2564481/.TinyTeX/texmf-dist/tex/latex/hyperref/nameref.sty
Package: nameref 2023-11-26 v2.56 Cross-referencing by name of section
(/cloud/home/r2564481/.TinyTeX/texmf-dist/tex/latex/refcount/refcount.sty
Package: refcount 2019/12/15 v3.6 Data extraction from label references (HO)
) (/cloud/home/r2564481/.TinyTeX/texmf-dist/tex/generic/gettitlestring/gettitlestring.sty
Package: gettitlestring 2019/12/15 v1.6 Cleanup title references (HO)
)
\c@section@level=\count352
) (/cloud/home/r2564481/.TinyTeX/texmf-dist/tex/generic/stringenc/stringenc.sty
Package: stringenc 2019/11/29 v1.12 Convert strings between diff. encodings (HO)
)
\@linkdim=\dimen309
\Hy@linkcounter=\count353
\Hy@pagecounter=\count354
(/cloud/home/r2564481/.TinyTeX/texmf-dist/tex/latex/hyperref/pd1enc.def
File: pd1enc.def 2024-07-10 v7.01j Hyperref: PDFDocEncoding definition (HO)
) (/cloud/home/r2564481/.TinyTeX/texmf-dist/tex/generic/intcalc/intcalc.sty
Package: intcalc 2019/12/15 v1.3 Expandable calculations with integers (HO)
)
\Hy@SavedSpaceFactor=\count355
(/cloud/home/r2564481/.TinyTeX/texmf-dist/tex/latex/hyperref/puenc.def
File: puenc.def 2024-07-10 v7.01j Hyperref: PDF Unicode definition (HO)
)
Package hyperref Info: Option `unicode' set `true' on input line 4040.
Package hyperref Info: Option `unicode' set `true' on input line 4040.
Package hyperref Info: Hyper figures OFF on input line 4157.
Package hyperref Info: Link nesting OFF on input line 4162.
Package hyperref Info: Hyper index ON on input line 4165.
Package hyperref Info: Plain pages OFF on input line 4172.
Package hyperref Info: Backreferencing OFF on input line 4177.
Package hyperref Info: Implicit mode ON; LaTeX internals redefined.
Package hyperref Info: Bookmarks ON on input line 4424.
\c@Hy@tempcnt=\count356
(/cloud/home/r2564481/.TinyTeX/texmf-dist/tex/latex/url/url.sty
\Urlmuskip=\muskip19
Package: url 2013/09/16  ver 3.4  Verb mode for urls, etc.
)
LaTeX Info: Redefining \url on input line 4763.
\XeTeXLinkMargin=\dimen310
(/cloud/home/r2564481/.TinyTeX/texmf-dist/tex/generic/bitset/bitset.sty
Package: bitset 2019/12/09 v1.3 Handle bit-vector datatype (HO)
(/cloud/home/r2564481/.TinyTeX/texmf-dist/tex/generic/bigintcalc/bigintcalc.sty
Package: bigintcalc 2019/12/15 v1.5 Expandable calculations on big integers (HO)
))
\Fld@menulength=\count357
\Field@Width=\dimen311
\Fld@charsize=\dimen312
Package hyperref Info: Hyper figures OFF on input line 6042.
Package hyperref Info: Link nesting OFF on input line 6047.
Package hyperref Info: Hyper index ON on input line 6050.
Package hyperref Info: backreferencing OFF on input line 6057.
Package hyperref Info: Link coloring OFF on input line 6062.
Package hyperref Info: Link coloring with OCG OFF on input line 6067.
Package hyperref Info: PDF/A mode OFF on input line 6072.
(/cloud/home/r2564481/.TinyTeX/texmf-dist/tex/latex/base/atbegshi-ltx.sty
Package: atbegshi-ltx 2021/01/10 v1.0c Emulation of the original atbegshi
package with kernel methods
)
\Hy@abspage=\count358
\c@Item=\count359
\c@Hfootnote=\count360
)
Package hyperref Info: Driver (autodetected): hxetex.
(/cloud/home/r2564481/.TinyTeX/texmf-dist/tex/latex/hyperref/hxetex.def
File: hxetex.def 2024-07-10 v7.01j Hyperref driver for XeTeX
\pdfm@box=\box87
\c@Hy@AnnotLevel=\count361
\HyField@AnnotCount=\count362
\Fld@listcount=\count363
\c@bookmark@seq@number=\count364
(/cloud/home/r2564481/.TinyTeX/texmf-dist/tex/latex/rerunfilecheck/rerunfilecheck.sty
Package: rerunfilecheck 2022-07-10 v1.10 Rerun checks for auxiliary files (HO)
(/cloud/home/r2564481/.TinyTeX/texmf-dist/tex/latex/base/atveryend-ltx.sty
Package: atveryend-ltx 2020/08/19 v1.0a Emulation of the original atveryend package
with kernel methods
) (/cloud/home/r2564481/.TinyTeX/texmf-dist/tex/generic/uniquecounter/uniquecounter.sty
Package: uniquecounter 2019/12/15 v1.4 Provide unlimited unique counter (HO)
)
Package uniquecounter Info: New unique counter `rerunfilecheck' on input line 285.
)
\Hy@SectionHShift=\skip165
) (/cloud/home/r2564481/.TinyTeX/texmf-dist/tex/latex/multirow/multirow.sty
Package: multirow 2021/03/15 v2.8 Span multiple rows of a table
\multirow@colwidth=\skip166
\multirow@cntb=\count365
\multirow@dima=\skip167
\bigstrutjot=\dimen313
) (/cloud/home/r2564481/.TinyTeX/texmf-dist/tex/latex/tcolorbox/tcolorbox.sty
Package: tcolorbox 2024/07/10 version 6.3.0 text color boxes
(/cloud/home/r2564481/.TinyTeX/texmf-dist/tex/latex/tools/verbatim.sty
Package: verbatim 2024-01-22 v1.5x LaTeX2e package for verbatim enhancements
\every@verbatim=\toks46
\verbatim@line=\toks47
\verbatim@in@stream=\read3
) (/cloud/home/r2564481/.TinyTeX/texmf-dist/tex/latex/environ/environ.sty
Package: environ 2014/05/04 v0.3 A new way to define environments
(/cloud/home/r2564481/.TinyTeX/texmf-dist/tex/latex/trimspaces/trimspaces.sty
Package: trimspaces 2009/09/17 v1.1 Trim spaces around a token list
))
\tcb@titlebox=\box88
\tcb@upperbox=\box89
\tcb@lowerbox=\box90
\tcb@phantombox=\box91
\c@tcbbreakpart=\count366
\c@tcblayer=\count367
\c@tcolorbox@number=\count368
\l__tcobox_tmpa_box=\box92
\l__tcobox_tmpa_dim=\dimen314
\tcb@temp=\box93
\tcb@temp=\box94
\tcb@temp=\box95
\tcb@temp=\box96
(/cloud/home/r2564481/.TinyTeX/texmf-dist/tex/latex/tcolorbox/tcbraster.code.tex
Library (tcolorbox): 'tcbraster.code.tex' version '6.3.0'
\c@tcbrastercolumn=\count369
\c@tcbrasterrow=\count370
\c@tcbrasternum=\count371
\c@tcbraster=\count372
) (/cloud/home/r2564481/.TinyTeX/texmf-dist/tex/latex/tcolorbox/tcbskins.code.tex
Library (tcolorbox): 'tcbskins.code.tex' version '6.3.0'
(/cloud/home/r2564481/.TinyTeX/texmf-dist/tex/latex/tikzfill/tikzfill.image.sty
Package: tikzfill.image 2023/08/08 v1.0.1 Image filling library for TikZ
(/cloud/home/r2564481/.TinyTeX/texmf-dist/tex/latex/tikzfill/tikzfill-common.sty
Package: tikzfill-common 2023/08/08 v1.0.1 Auxiliary code for tikzfill
) (/cloud/home/r2564481/.TinyTeX/texmf-dist/tex/latex/tikzfill/tikzlibraryfill.image.code.tex
File: tikzlibraryfill.image.code.tex 2023/08/08 v1.0.1 Image filling library
\l__tikzfill_img_box=\box97
)) (/cloud/home/r2564481/.TinyTeX/texmf-dist/tex/latex/tcolorbox/tcbskinsjigsaw.code.tex
Library (tcolorbox): 'tcbskinsjigsaw.code.tex' version '6.3.0'
)) (/cloud/home/r2564481/.TinyTeX/texmf-dist/tex/latex/tcolorbox/tcbbreakable.code.tex
Library (tcolorbox): 'tcbbreakable.code.tex' version '6.3.0'
(/cloud/home/r2564481/.TinyTeX/texmf-dist/tex/latex/pdfcol/pdfcol.sty
Package: pdfcol 2022-09-21 v1.7 Handle new color stacks for pdfTeX (HO)
Package pdfcol Info: Interface disabled because of missing PDF mode of pdfTeX.
)
Package pdfcol Info: pdfTeX's color stacks are not available.
\tcb@testbox=\box98
\tcb@totalupperbox=\box99
\tcb@totallowerbox=\box100
) (/cloud/home/r2564481/.TinyTeX/texmf-dist/tex/latex/tcolorbox/tcbhooks.code.tex
Library (tcolorbox): 'tcbhooks.code.tex' version '6.3.0'
) (/cloud/home/r2564481/.TinyTeX/texmf-dist/tex/latex/tcolorbox/tcbtheorems.code.tex
Library (tcolorbox): 'tcbtheorems.code.tex' version '6.3.0'
) (/cloud/home/r2564481/.TinyTeX/texmf-dist/tex/latex/tcolorbox/tcbfitting.code.tex
Library (tcolorbox): 'tcbfitting.code.tex' version '6.3.0'
\tcbfitdim=\dimen315
\tcb@lowerfitdim=\dimen316
\tcb@upperfitdim=\dimen317
\tcb@cur@hbadness=\count373
)) (/cloud/home/r2564481/.TinyTeX/texmf-dist/tex/latex/makecell/makecell.sty
Package: makecell 2009/08/03 V0.1e Managing of Tab Column Heads and Cells
\rotheadsize=\dimen318
\c@nlinenum=\count374
\TeXr@lab=\toks48
) (/cloud/home/r2564481/.TinyTeX/texmf-dist/tex/latex/bclogo/bclogo.sty
Package: bclogo 2024/01/23 v3.15
(/cloud/home/r2564481/.TinyTeX/texmf-dist/tex/latex/xkeyval/xkeyval.sty
Package: xkeyval 2022/06/16 v2.9 package option processing (HA)
(/cloud/home/r2564481/.TinyTeX/texmf-dist/tex/generic/xkeyval/xkeyval.tex (/cloud/home/r2564481/.TinyTeX/texmf-dist/tex/generic/xkeyval/xkvutils.tex
\XKV@toks=\toks49
\XKV@tempa@toks=\toks50
)
\XKV@depth=\count375
File: xkeyval.tex 2014/12/03 v2.7a key=value parser (HA)
)) (/cloud/home/r2564481/.TinyTeX/texmf-dist/tex/latex/base/ifthen.sty
Package: ifthen 2024/03/16 v1.1e Standard LaTeX ifthen package (DPC)
)
\bc@invboxh=\skip168
\bc@invboxd=\skip169
\bc@titleLength=\skip170
\logowidth=\skip171
(/cloud/home/r2564481/.TinyTeX/texmf-dist/tex/generic/pgf/frontendlayer/tikz/libraries/tikzlibraryshadows.code.tex
File: tikzlibraryshadows.code.tex 2023-01-15 v3.1.10 (3.1.10)
(/cloud/home/r2564481/.TinyTeX/texmf-dist/tex/generic/pgf/frontendlayer/tikz/libraries/tikzlibraryfadings.code.tex
File: tikzlibraryfadings.code.tex 2023-01-15 v3.1.10 (3.1.10)
(/cloud/home/r2564481/.TinyTeX/texmf-dist/tex/generic/pgf/libraries/pgflibraryfadings.code.tex
File: pgflibraryfadings.code.tex 2023-01-15 v3.1.10 (3.1.10)
))) (/cloud/home/r2564481/.TinyTeX/texmf-dist/tex/generic/pgf/frontendlayer/tikz/libraries/tikzlibrarydecorations.pathmorphing.code.tex (/cloud/home/r2564481/.TinyTeX/texmf-dist/tex/generic/pgf/frontendlayer/tikz/libraries/tikzlibrarydecorations.code.tex (/cloud/home/r2564481/.TinyTeX/texmf-dist/tex/generic/pgf/modules/pgfmoduledecorations.code.tex
\pgfdecoratedcompleteddistance=\dimen319
\pgfdecoratedremainingdistance=\dimen320
\pgfdecoratedinputsegmentcompleteddistance=\dimen321
\pgfdecoratedinputsegmentremainingdistance=\dimen322
\pgf@decorate@distancetomove=\dimen323
\pgf@decorate@repeatstate=\count376
\pgfdecorationsegmentamplitude=\dimen324
\pgfdecorationsegmentlength=\dimen325
)
\tikz@lib@dec@box=\box101
) (/cloud/home/r2564481/.TinyTeX/texmf-dist/tex/generic/pgf/libraries/decorations/pgflibrarydecorations.pathmorphing.code.tex)) (/cloud/home/r2564481/.TinyTeX/texmf-dist/tex/generic/iftex/ifpdf.sty
Package: ifpdf 2019/10/25 v3.4 ifpdf legacy package. Use iftex instead.
)
\c@bclogocompteur=\count377
\bcval@epBarre=\skip172
\bcval@framesep=\skip173
\bcval@tailleOndu=\skip174
\bcval@borderWidth=\skip175
\bcval@margeG=\skip176
\bcval@margeD=\skip177
\bc@envbox=\box102
) (/cloud/home/r2564481/.TinyTeX/texmf-dist/tex/latex/lastpage/lastpage.sty
Package: lastpage 2024/07/07 v2.1c lastpage: 2.09 or 2e? (HMM)
(/cloud/home/r2564481/.TinyTeX/texmf-dist/tex/latex/lastpage/lastpage2e.sty
Package: lastpage2e 2024/07/07 v2.1c Decide which 2e lastpage version to use (HMM)
(/cloud/home/r2564481/.TinyTeX/texmf-dist/tex/latex/lastpage/lastpagemodern.sty
Package: lastpagemodern 2024-07-07 v2.1c Refers to last page's name (HMM; JPG)
\c@lastpagecount=\count378
) 
)) (/cloud/home/r2564481/.TinyTeX/texmf-dist/tex/latex/fontawesome5/fontawesome5.sty
Package: fontawesome5 2022/05/02 v5.15.4 Font Awesome 5
(/cloud/home/r2564481/.TinyTeX/texmf-dist/tex/latex/fontawesome5/fontawesome5-utex-helper.sty
Package: fontawesome5-utex-helper 2022/05/02 v5.15.4 uTeX helper for fontawesome5
LaTeX Font Info:    Trying to load font information for TU+fontawesomefree on input line 69.
(/cloud/home/r2564481/.TinyTeX/texmf-dist/tex/latex/fontawesome5/tufontawesomefree.fd)
LaTeX Font Info:    Trying to load font information for TU+fontawesomebrands on input line 70.
(/cloud/home/r2564481/.TinyTeX/texmf-dist/tex/latex/fontawesome5/tufontawesomebrands.fd)))

Package fontspec Info: 
(fontspec)             STIXTwoText-Regular scale = 0.9112024414005794.


Package fontspec Info: 
(fontspec)             STIXTwoText-Regular scale = 1.


Package fontspec Info: 
(fontspec)             STIXTwoText-Regular scale = 0.9112024414005794.


Package fontspec Info: 
(fontspec)             STIXTwoText-Regular scale = 1.


Package fontspec Info: 
(fontspec)             STIXTwoText-Regular scale = 0.9112024414005794.


Package fontspec Info: 
(fontspec)             STIXTwoText-Regular scale = 1.


Package fontspec Info: 
(fontspec)             STIXTwoText-Bold scale = 0.9112024414005794.


Package fontspec Info: 
(fontspec)             STIXTwoText-Bold scale = 1.


Package fontspec Info: 
(fontspec)             STIXTwoText-Bold scale = 0.9112024414005794.


Package fontspec Info: 
(fontspec)             STIXTwoText-Bold scale = 1.


Package fontspec Info: 
(fontspec)             STIXTwoText-Italic scale = 0.9229090291255791.


Package fontspec Info: 
(fontspec)             STIXTwoText-Italic scale = 1.


Package fontspec Info: 
(fontspec)             STIXTwoText-Italic scale = 0.9229090291255791.


Package fontspec Info: 
(fontspec)             STIXTwoText-Italic scale = 1.


Package fontspec Info: 
(fontspec)             STIXTwoText-BoldItalic scale = 0.9112024414005794.


Package fontspec Info: 
(fontspec)             STIXTwoText-BoldItalic scale = 1.


Package fontspec Info: 
(fontspec)             STIXTwoText-BoldItalic scale = 0.9112024414005794.


Package fontspec Info: 
(fontspec)             STIXTwoText-BoldItalic scale = 1.


Package fontspec Info: 
(fontspec)             Font family 'STIXTwoText-Regular.otf(0)' created for
(fontspec)             font 'STIXTwoText-Regular.otf' with options
(fontspec)             [Scale=MatchLowercase,Ligatures=TeX,Scale=1,ExternalLocation=_extensions/bit2r/bitPublish/fonts/STIXTwoText/,Ligatures=TeX,BoldFont=STIXTwoText-Bold.otf,ItalicFont=STIXTwoText-Italic.otf,BoldItalicFont=STIXTwoText-BoldItalic.otf].
(fontspec)              
(fontspec)              This font family consists of the following NFSS
(fontspec)             series/shapes:
(fontspec)              
(fontspec)             - 'normal' (m/n) with NFSS spec.:
(fontspec)             <->s*[1]"[_extensions/bit2r/bitPublish/fonts/STIXTwoText/STIXTwoText-Regular.otf]/OT:script=latn;language=dflt;mapping=tex-text;"
(fontspec)             - 'small caps'  (m/sc) with NFSS spec.:
(fontspec)             <->s*[1]"[_extensions/bit2r/bitPublish/fonts/STIXTwoText/STIXTwoText-Regular.otf]/OT:script=latn;language=dflt;+smcp;mapping=tex-text;"
(fontspec)             - 'bold' (b/n) with NFSS spec.:
(fontspec)             <->s*[1]"[_extensions/bit2r/bitPublish/fonts/STIXTwoText/STIXTwoText-Bold.otf]/OT:script=latn;language=dflt;mapping=tex-text;"
(fontspec)             - 'bold small caps'  (b/sc) with NFSS spec.:
(fontspec)             <->s*[1]"[_extensions/bit2r/bitPublish/fonts/STIXTwoText/STIXTwoText-Bold.otf]/OT:script=latn;language=dflt;+smcp;mapping=tex-text;"
(fontspec)             - 'italic' (m/it) with NFSS spec.:
(fontspec)             <->s*[1]"[_extensions/bit2r/bitPublish/fonts/STIXTwoText/STIXTwoText-Italic.otf]/OT:script=latn;language=dflt;mapping=tex-text;"
(fontspec)             - 'italic small caps'  (m/scit) with NFSS spec.:
(fontspec)             <->s*[1]"[_extensions/bit2r/bitPublish/fonts/STIXTwoText/STIXTwoText-Italic.otf]/OT:script=latn;language=dflt;+smcp;mapping=tex-text;"
(fontspec)             - 'bold italic' (b/it) with NFSS spec.:
(fontspec)             <->s*[1]"[_extensions/bit2r/bitPublish/fonts/STIXTwoText/STIXTwoText-BoldItalic.otf]/OT:script=latn;language=dflt;mapping=tex-text;"
(fontspec)             - 'bold italic small caps'  (b/scit) with NFSS spec.:
(fontspec)             <->s*[1]"[_extensions/bit2r/bitPublish/fonts/STIXTwoText/STIXTwoText-BoldItalic.otf]/OT:script=latn;language=dflt;+smcp;mapping=tex-text;"

LaTeX Font Info:    Font shape `TU/STIXTwoText-Regular.otf(0)/m/n' will be
(Font)              scaled to size 10.0pt on input line 127.

Package fontspec Info: 
(fontspec)             STIXTwoText-Regular scale = 0.9999967740478601.


Package fontspec Info: 
(fontspec)             STIXTwoText-Regular scale = 0.9999967740478601.


Package fontspec Info: 
(fontspec)             STIXTwoText-Regular scale = 0.9999967740478601.


Package fontspec Info: 
(fontspec)             STIXTwoText-Bold scale = 0.9999967740478601.


Package fontspec Info: 
(fontspec)             STIXTwoText-Bold scale = 0.9999967740478601.


Package fontspec Info: 
(fontspec)             STIXTwoText-Italic scale = 1.012844138616061.


Package fontspec Info: 
(fontspec)             STIXTwoText-Italic scale = 1.012844138616061.


Package fontspec Info: 
(fontspec)             STIXTwoText-BoldItalic scale = 0.9999967740478601.


Package fontspec Info: 
(fontspec)             STIXTwoText-BoldItalic scale = 0.9999967740478601.


Package fontspec Info: 
(fontspec)             Font family 'STIXTwoText-Regular.otf(1)' created for
(fontspec)             font 'STIXTwoText-Regular.otf' with options
(fontspec)             [Scale=MatchLowercase,ExternalLocation=_extensions/bit2r/bitPublish/fonts/STIXTwoText/,Ligatures=TeX,BoldFont=STIXTwoText-Bold.otf,ItalicFont=STIXTwoText-Italic.otf,BoldItalicFont=STIXTwoText-BoldItalic.otf].
(fontspec)              
(fontspec)              This font family consists of the following NFSS
(fontspec)             series/shapes:
(fontspec)              
(fontspec)             - 'normal' (m/n) with NFSS spec.:
(fontspec)             <->s*[0.9999967740478601]"[_extensions/bit2r/bitPublish/fonts/STIXTwoText/STIXTwoText-Regular.otf]/OT:script=latn;language=dflt;mapping=tex-text;"
(fontspec)             - 'small caps'  (m/sc) with NFSS spec.:
(fontspec)             <->s*[0.9999967740478601]"[_extensions/bit2r/bitPublish/fonts/STIXTwoText/STIXTwoText-Regular.otf]/OT:script=latn;language=dflt;+smcp;mapping=tex-text;"
(fontspec)             - 'bold' (b/n) with NFSS spec.:
(fontspec)             <->s*[0.9999967740478601]"[_extensions/bit2r/bitPublish/fonts/STIXTwoText/STIXTwoText-Bold.otf]/OT:script=latn;language=dflt;mapping=tex-text;"
(fontspec)             - 'bold small caps'  (b/sc) with NFSS spec.:
(fontspec)             <->s*[0.9999967740478601]"[_extensions/bit2r/bitPublish/fonts/STIXTwoText/STIXTwoText-Bold.otf]/OT:script=latn;language=dflt;+smcp;mapping=tex-text;"
(fontspec)             - 'italic' (m/it) with NFSS spec.:
(fontspec)             <->s*[1.012844138616061]"[_extensions/bit2r/bitPublish/fonts/STIXTwoText/STIXTwoText-Italic.otf]/OT:script=latn;language=dflt;mapping=tex-text;"
(fontspec)             - 'italic small caps'  (m/scit) with NFSS spec.:
(fontspec)             <->s*[1.012844138616061]"[_extensions/bit2r/bitPublish/fonts/STIXTwoText/STIXTwoText-Italic.otf]/OT:script=latn;language=dflt;+smcp;mapping=tex-text;"
(fontspec)             - 'bold italic' (b/it) with NFSS spec.:
(fontspec)             <->s*[0.9999967740478601]"[_extensions/bit2r/bitPublish/fonts/STIXTwoText/STIXTwoText-BoldItalic.otf]/OT:script=latn;language=dflt;mapping=tex-text;"
(fontspec)             - 'bold italic small caps'  (b/scit) with NFSS spec.:
(fontspec)             <->s*[0.9999967740478601]"[_extensions/bit2r/bitPublish/fonts/STIXTwoText/STIXTwoText-BoldItalic.otf]/OT:script=latn;language=dflt;+smcp;mapping=tex-text;"

LaTeX Font Info:    Overwriting math alphabet `\mathrm' in version `normal'
(Font)                  OT1/lmr/m/n --> TU/STIXTwoText-Regular.otf(1)/m/n on input line 127.
LaTeX Font Info:    Overwriting math alphabet `\mathit' in version `normal'
(Font)                  OT1/lmr/m/it --> TU/STIXTwoText-Regular.otf(1)/m/it on input line 127.
LaTeX Font Info:    Overwriting math alphabet `\mathbf' in version `normal'
(Font)                  OT1/lmr/bx/n --> TU/STIXTwoText-Regular.otf(1)/b/n on input line 127.

Package fontspec Info: 
(fontspec)             NimbusSanL-Reg scale = 0.9026673655397338.


Package fontspec Info: 
(fontspec)             NimbusSanL-Reg scale = 0.9026673655397338.


Package fontspec Info: 
(fontspec)             NimbusSanL-Bol scale = 0.8759211745823631.


Package fontspec Info: 
(fontspec)             NimbusSanL-RegIta scale = 0.9026673655397338.


Package fontspec Info: 
(fontspec)             NimbusSanL-BolIta scale = 0.8759211745823631.


Package fontspec Info: 
(fontspec)             Font family 'NimbusSanL-Reg.otf(0)' created for font
(fontspec)             'NimbusSanL-Reg.otf' with options
(fontspec)             [Scale=MatchLowercase,Ligatures=TeX,ExternalLocation=_extensions/bit2r/bitPublish/fonts/Nimbus
(fontspec)             Sans
(fontspec)             L/,Ligatures=TeX,BoldFont=NimbusSanL-Bol.otf,ItalicFont=NimbusSanL-RegIta.otf,BoldItalicFont=NimbusSanL-BolIta.otf].
(fontspec)              
(fontspec)              This font family consists of the following NFSS
(fontspec)             series/shapes:
(fontspec)              
(fontspec)             - 'normal' (m/n) with NFSS spec.:
(fontspec)             <->s*[0.9026673655397338]"[_extensions/bit2r/bitPublish/fonts/Nimbus
(fontspec)             Sans
(fontspec)             L/NimbusSanL-Reg.otf]/OT:script=latn;language=dflt;mapping=tex-text;"
(fontspec)             - 'bold' (b/n) with NFSS spec.:
(fontspec)             <->s*[0.8759211745823631]"[_extensions/bit2r/bitPublish/fonts/Nimbus
(fontspec)             Sans
(fontspec)             L/NimbusSanL-Bol.otf]/OT:script=latn;language=dflt;mapping=tex-text;"
(fontspec)             - 'italic' (m/it) with NFSS spec.:
(fontspec)             <->s*[0.9026673655397338]"[_extensions/bit2r/bitPublish/fonts/Nimbus
(fontspec)             Sans
(fontspec)             L/NimbusSanL-RegIta.otf]/OT:script=latn;language=dflt;mapping=tex-text;"
(fontspec)             - 'bold italic' (b/it) with NFSS spec.:
(fontspec)             <->s*[0.8759211745823631]"[_extensions/bit2r/bitPublish/fonts/Nimbus
(fontspec)             Sans
(fontspec)             L/NimbusSanL-BolIta.otf]/OT:script=latn;language=dflt;mapping=tex-text;"


Package fontspec Info: 
(fontspec)             NimbusSanL-Reg scale = 0.9026673655397338.


Package fontspec Info: 
(fontspec)             NimbusSanL-Reg scale = 0.9026673655397338.


Package fontspec Info: 
(fontspec)             NimbusSanL-Bol scale = 0.8759211745823631.


Package fontspec Info: 
(fontspec)             NimbusSanL-RegIta scale = 0.9026673655397338.


Package fontspec Info: 
(fontspec)             NimbusSanL-BolIta scale = 0.8759211745823631.


Package fontspec Info: 
(fontspec)             Font family 'NimbusSanL-Reg.otf(1)' created for font
(fontspec)             'NimbusSanL-Reg.otf' with options
(fontspec)             [Scale=MatchLowercase,ExternalLocation=_extensions/bit2r/bitPublish/fonts/Nimbus
(fontspec)             Sans
(fontspec)             L/,Ligatures=TeX,BoldFont=NimbusSanL-Bol.otf,ItalicFont=NimbusSanL-RegIta.otf,BoldItalicFont=NimbusSanL-BolIta.otf].
(fontspec)              
(fontspec)              This font family consists of the following NFSS
(fontspec)             series/shapes:
(fontspec)              
(fontspec)             - 'normal' (m/n) with NFSS spec.:
(fontspec)             <->s*[0.9026673655397338]"[_extensions/bit2r/bitPublish/fonts/Nimbus
(fontspec)             Sans
(fontspec)             L/NimbusSanL-Reg.otf]/OT:script=latn;language=dflt;mapping=tex-text;"
(fontspec)             - 'bold' (b/n) with NFSS spec.:
(fontspec)             <->s*[0.8759211745823631]"[_extensions/bit2r/bitPublish/fonts/Nimbus
(fontspec)             Sans
(fontspec)             L/NimbusSanL-Bol.otf]/OT:script=latn;language=dflt;mapping=tex-text;"
(fontspec)             - 'italic' (m/it) with NFSS spec.:
(fontspec)             <->s*[0.9026673655397338]"[_extensions/bit2r/bitPublish/fonts/Nimbus
(fontspec)             Sans
(fontspec)             L/NimbusSanL-RegIta.otf]/OT:script=latn;language=dflt;mapping=tex-text;"
(fontspec)             - 'bold italic' (b/it) with NFSS spec.:
(fontspec)             <->s*[0.8759211745823631]"[_extensions/bit2r/bitPublish/fonts/Nimbus
(fontspec)             Sans
(fontspec)             L/NimbusSanL-BolIta.otf]/OT:script=latn;language=dflt;mapping=tex-text;"

LaTeX Font Info:    Overwriting math alphabet `\mathsf' in version `normal'
(Font)                  OT1/lmss/m/n --> TU/NimbusSanL-Reg.otf(1)/m/n on input line 136.
LaTeX Font Info:    Overwriting math alphabet `\mathsf' in version `bold'
(Font)                  OT1/lmss/bx/n --> TU/NimbusSanL-Reg.otf(1)/b/n on input line 136.

Package fontspec Info: 
(fontspec)             KoPubWorld Batang_Pro Light scale = 1.105135563913795.


Package fontspec Info: 
(fontspec)             KoPubWorld Batang_Pro Light scale = 1.105135563913795.


Package fontspec Info: 
(fontspec)             KoPubWorld Batang_Pro Bold scale = 1.09744354087821.


Package fontspec Info: 
(fontspec)             KoPubWorld Batang_Pro Light scale = 1.105135563913795.


Package fontspec Info: 
(fontspec)             KoPubWorld Batang_Pro Bold scale = 1.09744354087821.


Package fontspec Info: 
(fontspec)             Font family 'KoPubWorldBatang_ProLight.otf(0)' created
(fontspec)             for font 'KoPubWorld Batang_Pro Light.otf' with options
(fontspec)             [Scale=MatchLowercase,Ligatures=TeX,ExternalLocation={_extensions/bit2r/bitPublish/fonts/KOPUBWORLD_OTF_FONTS/},Ligatures={TeX},BoldFont={KoPubWorld
(fontspec)             Batang_Pro Bold.otf},ItalicFont={KoPubWorld Batang_Pro
(fontspec)             Light.otf},ItalicFeatures={FakeSlant =
(fontspec)             0.167},BoldItalicFont={KoPubWorld Batang_Pro
(fontspec)             Bold.otf},ItalicFeatures={FakeSlant = 0.167}].
(fontspec)              
(fontspec)              This font family consists of the following NFSS
(fontspec)             series/shapes:
(fontspec)              
(fontspec)             - 'normal' (m/n) with NFSS spec.:
(fontspec)             <->s*[1.105135563913795]"[_extensions/bit2r/bitPublish/fonts/KOPUBWORLD_OTF_FONTS/KoPubWorld
(fontspec)             Batang_Pro
(fontspec)             Light.otf]/OT:script=latn;language=dflt;mapping=tex-text;"
(fontspec)             - 'bold' (b/n) with NFSS spec.:
(fontspec)             <->s*[1.09744354087821]"[_extensions/bit2r/bitPublish/fonts/KOPUBWORLD_OTF_FONTS/KoPubWorld
(fontspec)             Batang_Pro
(fontspec)             Bold.otf]/OT:script=latn;language=dflt;mapping=tex-text;"
(fontspec)             - 'italic' (m/it) with NFSS spec.:
(fontspec)             <->s*[1.105135563913795]"[_extensions/bit2r/bitPublish/fonts/KOPUBWORLD_OTF_FONTS/KoPubWorld
(fontspec)             Batang_Pro
(fontspec)             Light.otf]/OT:script=latn;language=dflt;slant=0.167;slant=0.167;mapping=tex-text;"
(fontspec)             - 'bold italic' (b/it) with NFSS spec.:
(fontspec)             <->s*[1.09744354087821]"[_extensions/bit2r/bitPublish/fonts/KOPUBWORLD_OTF_FONTS/KoPubWorld
(fontspec)             Batang_Pro
(fontspec)             Bold.otf]/OT:script=latn;language=dflt;mapping=tex-text;"

LaTeX Font Info:    Font shape `TU/KoPubWorldBatang_ProLight.otf(0)/m/n' will be
(Font)              scaled to size 11.05133pt on input line 146.

Package fontspec Info: 
(fontspec)             KoPubWorld Dotum_Pro Light scale = 0.9772695029871213.


Package fontspec Info: 
(fontspec)             KoPubWorld Dotum_Pro Light scale = 0.9772695029871213.


Package fontspec Info: 
(fontspec)             KoPubWorld Dotum_Pro Bold scale = 0.9752525554426443.


Package fontspec Info: 
(fontspec)             KoPubWorld Dotum_Pro Light scale = 0.9772695029871213.


Package fontspec Info: 
(fontspec)             KoPubWorld Dotum_Pro Bold scale = 0.9752525554426443.


Package fontspec Info: 
(fontspec)             Font family 'KoPubWorldDotum_ProLight.otf(0)' created
(fontspec)             for font 'KoPubWorld Dotum_Pro Light.otf' with options
(fontspec)             [Scale=MatchLowercase,Ligatures=TeX,ExternalLocation={_extensions/bit2r/bitPublish/fonts/KOPUBWORLD_OTF_FONTS/},Ligatures={TeX},BoldFont={KoPubWorld
(fontspec)             Dotum_Pro Bold.otf},ItalicFont={KoPubWorld Dotum_Pro
(fontspec)             Light.otf},ItalicFeatures={FakeSlant =
(fontspec)             0.167},BoldItalicFont={KoPubWorld Dotum_Pro
(fontspec)             Bold.otf},ItalicFeatures={FakeSlant = 0.167}].
(fontspec)              
(fontspec)              This font family consists of the following NFSS
(fontspec)             series/shapes:
(fontspec)              
(fontspec)             - 'normal' (m/n) with NFSS spec.:
(fontspec)             <->s*[0.9772695029871213]"[_extensions/bit2r/bitPublish/fonts/KOPUBWORLD_OTF_FONTS/KoPubWorld
(fontspec)             Dotum_Pro
(fontspec)             Light.otf]/OT:script=latn;language=dflt;mapping=tex-text;"
(fontspec)             - 'bold' (b/n) with NFSS spec.:
(fontspec)             <->s*[0.9752525554426443]"[_extensions/bit2r/bitPublish/fonts/KOPUBWORLD_OTF_FONTS/KoPubWorld
(fontspec)             Dotum_Pro
(fontspec)             Bold.otf]/OT:script=latn;language=dflt;mapping=tex-text;"
(fontspec)             - 'italic' (m/it) with NFSS spec.:
(fontspec)             <->s*[0.9772695029871213]"[_extensions/bit2r/bitPublish/fonts/KOPUBWORLD_OTF_FONTS/KoPubWorld
(fontspec)             Dotum_Pro
(fontspec)             Light.otf]/OT:script=latn;language=dflt;slant=0.167;slant=0.167;mapping=tex-text;"
(fontspec)             - 'bold italic' (b/it) with NFSS spec.:
(fontspec)             <->s*[0.9752525554426443]"[_extensions/bit2r/bitPublish/fonts/KOPUBWORLD_OTF_FONTS/KoPubWorld
(fontspec)             Dotum_Pro
(fontspec)             Bold.otf]/OT:script=latn;language=dflt;mapping=tex-text;"


Package fontspec Info: 
(fontspec)             KoPubWorld Dotum_Pro Light scale = 0.9772695029871213.


Package fontspec Info: 
(fontspec)             KoPubWorld Dotum_Pro Light scale = 0.9772695029871213.


Package fontspec Info: 
(fontspec)             KoPubWorld Dotum_Pro Bold scale = 0.9752525554426443.


Package fontspec Info: 
(fontspec)             KoPubWorld Dotum_Pro Light scale = 0.9772695029871213.


Package fontspec Info: 
(fontspec)             KoPubWorld Dotum_Pro Bold scale = 0.9752525554426443.


Package fontspec Info: 
(fontspec)             Font family 'KoPubWorldDotum_ProLight.otf(1)' created
(fontspec)             for font 'KoPubWorld Dotum_Pro Light.otf' with options
(fontspec)             [Scale=MatchLowercase,Ligatures=TeX,ExternalLocation={_extensions/bit2r/bitPublish/fonts/KOPUBWORLD_OTF_FONTS/},Ligatures={TeX},BoldFont={KoPubWorld
(fontspec)             Dotum_Pro Bold.otf},ItalicFont={KoPubWorld Dotum_Pro
(fontspec)             Light.otf},BoldItalicFont={KoPubWorld Dotum_Pro
(fontspec)             Bold.otf}].
(fontspec)              
(fontspec)              This font family consists of the following NFSS
(fontspec)             series/shapes:
(fontspec)              
(fontspec)             - 'normal' (m/n) with NFSS spec.:
(fontspec)             <->s*[0.9772695029871213]"[_extensions/bit2r/bitPublish/fonts/KOPUBWORLD_OTF_FONTS/KoPubWorld
(fontspec)             Dotum_Pro
(fontspec)             Light.otf]/OT:script=latn;language=dflt;mapping=tex-text;"
(fontspec)             - 'bold' (b/n) with NFSS spec.:
(fontspec)             <->s*[0.9752525554426443]"[_extensions/bit2r/bitPublish/fonts/KOPUBWORLD_OTF_FONTS/KoPubWorld
(fontspec)             Dotum_Pro
(fontspec)             Bold.otf]/OT:script=latn;language=dflt;mapping=tex-text;"
(fontspec)             - 'italic' (m/it) with NFSS spec.:
(fontspec)             <->s*[0.9772695029871213]"[_extensions/bit2r/bitPublish/fonts/KOPUBWORLD_OTF_FONTS/KoPubWorld
(fontspec)             Dotum_Pro
(fontspec)             Light.otf]/OT:script=latn;language=dflt;mapping=tex-text;"
(fontspec)             - 'bold italic' (b/it) with NFSS spec.:
(fontspec)             <->s*[0.9752525554426443]"[_extensions/bit2r/bitPublish/fonts/KOPUBWORLD_OTF_FONTS/KoPubWorld
(fontspec)             Dotum_Pro
(fontspec)             Bold.otf]/OT:script=latn;language=dflt;mapping=tex-text;"

LaTeX Font Info:    Font shape `TU/KoPubWorldDotum_ProLight.otf(1)/m/n' will be
(Font)              scaled to size 9.77264pt on input line 164.

Package fontspec Info: 
(fontspec)             D2Coding-Ver1.3.2-20180524 scale = 0.8992370619633325.


Package fontspec Info: 
(fontspec)             D2Coding-Ver1.3.2-20180524 scale = 0.95.


Package fontspec Info: 
(fontspec)             D2Coding-Ver1.3.2-20180524 scale = 0.8992370619633325.


Package fontspec Info: 
(fontspec)             D2Coding-Ver1.3.2-20180524 scale = 0.95.


Package fontspec Info: 
(fontspec)             D2CodingBold-Ver1.3.2-20180524 scale =
(fontspec)             0.8992370619633325.


Package fontspec Info: 
(fontspec)             D2CodingBold-Ver1.3.2-20180524 scale = 0.95.


Package fontspec Info: 
(fontspec)             D2Coding-Ver1.3.2-20180524 scale = 0.8992370619633325.


Package fontspec Info: 
(fontspec)             D2Coding-Ver1.3.2-20180524 scale = 0.95.


Package fontspec Info: 
(fontspec)             D2CodingBold-Ver1.3.2-20180524 scale =
(fontspec)             0.8992370619633325.


Package fontspec Info: 
(fontspec)             D2CodingBold-Ver1.3.2-20180524 scale = 0.95.


Package fontspec Info: 
(fontspec)             Font family 'D2Coding-Ver1.3.2-20180524.ttf(0)' created
(fontspec)             for font 'D2Coding-Ver1.3.2-20180524.ttf' with options
(fontspec)             [Scale=MatchLowercase,WordSpace={1,0,0},HyphenChar=None,PunctuationSpace=WordSpace,ExternalLocation=_extensions/bit2r/bitPublish/fonts/D2Coding/,Scale=0.95,Ligatures=TeX,BoldFont=D2CodingBold-Ver1.3.2-20180524.ttf,ItalicFont=D2Coding-Ver1.3.2-20180524.ttf,ItalicFeatures
(fontspec)             = {FakeSlant =
(fontspec)             0.167},BoldItalicFont=D2CodingBold-Ver1.3.2-20180524.ttf,BoldItalicFeatures
(fontspec)             = {FakeSlant = 0.167}].
(fontspec)              
(fontspec)              This font family consists of the following NFSS
(fontspec)             series/shapes:
(fontspec)              
(fontspec)             - 'normal' (m/n) with NFSS spec.:
(fontspec)             <->s*[0.95]"[_extensions/bit2r/bitPublish/fonts/D2Coding/D2Coding-Ver1.3.2-20180524.ttf]/OT:language=dflt;mapping=tex-text;"
(fontspec)             - 'bold' (b/n) with NFSS spec.:
(fontspec)             <->s*[0.95]"[_extensions/bit2r/bitPublish/fonts/D2Coding/D2CodingBold-Ver1.3.2-20180524.ttf]/OT:language=dflt;mapping=tex-text;"
(fontspec)             - 'italic' (m/it) with NFSS spec.:
(fontspec)             <->s*[0.95]"[_extensions/bit2r/bitPublish/fonts/D2Coding/D2Coding-Ver1.3.2-20180524.ttf]/OT:language=dflt;slant=0.167;mapping=tex-text;"
(fontspec)             - 'bold italic' (b/it) with NFSS spec.:
(fontspec)             <->s*[0.95]"[_extensions/bit2r/bitPublish/fonts/D2Coding/D2CodingBold-Ver1.3.2-20180524.ttf]/OT:language=dflt;slant=0.167;mapping=tex-text;"


Package fontspec Info: 
(fontspec)             D2Coding-Ver1.3.2-20180524 scale = 0.8992370619633325.


Package fontspec Info: 
(fontspec)             D2Coding-Ver1.3.2-20180524 scale = 0.95.


Package fontspec Info: 
(fontspec)             D2Coding-Ver1.3.2-20180524 scale = 0.8992370619633325.


Package fontspec Info: 
(fontspec)             D2Coding-Ver1.3.2-20180524 scale = 0.95.


Package fontspec Info: 
(fontspec)             D2CodingBold-Ver1.3.2-20180524 scale =
(fontspec)             0.8992370619633325.


Package fontspec Info: 
(fontspec)             D2CodingBold-Ver1.3.2-20180524 scale = 0.95.


Package fontspec Info: 
(fontspec)             D2Coding-Ver1.3.2-20180524 scale = 0.8992370619633325.


Package fontspec Info: 
(fontspec)             D2Coding-Ver1.3.2-20180524 scale = 0.95.


Package fontspec Info: 
(fontspec)             D2CodingBold-Ver1.3.2-20180524 scale =
(fontspec)             0.8992370619633325.


Package fontspec Info: 
(fontspec)             D2CodingBold-Ver1.3.2-20180524 scale = 0.95.


Package fontspec Info: 
(fontspec)             Font family 'D2Coding-Ver1.3.2-20180524.ttf(1)' created
(fontspec)             for font 'D2Coding-Ver1.3.2-20180524.ttf' with options
(fontspec)             [Scale=MatchLowercase,ExternalLocation=_extensions/bit2r/bitPublish/fonts/D2Coding/,Scale=0.95,Ligatures=TeX,BoldFont=D2CodingBold-Ver1.3.2-20180524.ttf,ItalicFont=D2Coding-Ver1.3.2-20180524.ttf,ItalicFeatures
(fontspec)             = {FakeSlant =
(fontspec)             0.167},BoldItalicFont=D2CodingBold-Ver1.3.2-20180524.ttf,BoldItalicFeatures
(fontspec)             = {FakeSlant = 0.167}].
(fontspec)              
(fontspec)              This font family consists of the following NFSS
(fontspec)             series/shapes:
(fontspec)              
(fontspec)             - 'normal' (m/n) with NFSS spec.:
(fontspec)             <->s*[0.95]"[_extensions/bit2r/bitPublish/fonts/D2Coding/D2Coding-Ver1.3.2-20180524.ttf]/OT:language=dflt;mapping=tex-text;"
(fontspec)             - 'bold' (b/n) with NFSS spec.:
(fontspec)             <->s*[0.95]"[_extensions/bit2r/bitPublish/fonts/D2Coding/D2CodingBold-Ver1.3.2-20180524.ttf]/OT:language=dflt;mapping=tex-text;"
(fontspec)             - 'italic' (m/it) with NFSS spec.:
(fontspec)             <->s*[0.95]"[_extensions/bit2r/bitPublish/fonts/D2Coding/D2Coding-Ver1.3.2-20180524.ttf]/OT:language=dflt;slant=0.167;mapping=tex-text;"
(fontspec)             - 'bold italic' (b/it) with NFSS spec.:
(fontspec)             <->s*[0.95]"[_extensions/bit2r/bitPublish/fonts/D2Coding/D2CodingBold-Ver1.3.2-20180524.ttf]/OT:language=dflt;slant=0.167;mapping=tex-text;"

LaTeX Font Info:    Overwriting math alphabet `\mathtt' in version `normal'
(Font)                  OT1/lmtt/m/n --> TU/D2Coding-Ver1.3.2-20180524.ttf(1)/m/n on input line 175.
LaTeX Font Info:    Overwriting math alphabet `\mathtt' in version `bold'
(Font)                  OT1/lmtt/m/n --> TU/D2Coding-Ver1.3.2-20180524.ttf(1)/b/n on input line 175.

Package fontspec Info: 
(fontspec)             STIXTwoMath-Regular scale = 0.9999967740478601.


Package fontspec Info: 
(fontspec)             STIXTwoMath-Regular scale = 0.9999967740478601.


Package fontspec Info: 
(fontspec)             Font family 'STIXTwoMath-Regular.otf(0)' created for
(fontspec)             font 'STIXTwoMath-Regular.otf' with options
(fontspec)             [Scale=MatchLowercase,BoldItalicFont={},ItalicFont={},SmallCapsFont={},Script=Math,ExternalLocation={_extensions/bit2r/bitPublish/fonts/STIXTwoText/}].
(fontspec)              
(fontspec)              This font family consists of the following NFSS
(fontspec)             series/shapes:
(fontspec)              
(fontspec)             - 'normal' (m/n) with NFSS spec.:
(fontspec)             <->s*[0.9999967740478601]"[_extensions/bit2r/bitPublish/fonts/STIXTwoText/STIXTwoMath-Regular.otf]/OT:script=math;language=dflt;"

LaTeX Font Info:    Font shape `TU/STIXTwoMath-Regular.otf(0)/m/n' will be
(Font)              scaled to size 10.0pt on input line 179.

Package fontspec Info: 
(fontspec)             STIXTwoMath-Regular scale = 0.9999967740478601.


Package fontspec Info: 
(fontspec)             STIXTwoMath-Regular scale = 0.9999967740478601.


Package fontspec Info: 
(fontspec)             STIXTwoMath-Regular scale = 0.9999967740478601.


Package fontspec Info: 
(fontspec)             STIXTwoMath-Regular scale = 0.9999967740478601.


Package fontspec Info: 
(fontspec)             Font family 'STIXTwoMath-Regular.otf(1)' created for
(fontspec)             font 'STIXTwoMath-Regular.otf' with options
(fontspec)             [Scale=MatchLowercase,BoldItalicFont={},ItalicFont={},SmallCapsFont={},Script=Math,SizeFeatures={{Size=8.5-},{Size=6.25-8.5,Font=STIXTwoMath-Regular.otf,Style=MathScript},{Size=-6.25,Font=STIXTwoMath-Regular.otf,Style=MathScriptScript}},ExternalLocation={_extensions/bit2r/bitPublish/fonts/STIXTwoText/}].
(fontspec)              
(fontspec)              This font family consists of the following NFSS
(fontspec)             series/shapes:
(fontspec)              
(fontspec)             - 'normal' (m/n) with NFSS spec.:
(fontspec)             <8.5->s*[0.9999967740478601]"[_extensions/bit2r/bitPublish/fonts/STIXTwoText/STIXTwoMath-Regular.otf]/OT:script=math;language=dflt;"<6.25-8.5>s*[0.9999967740478601]"[_extensions/bit2r/bitPublish/fonts/STIXTwoText/STIXTwoMath-Regular.otf]/OT:script=math;language=dflt;+ssty=0;"<-6.25>s*[0.9999967740478601]"[_extensions/bit2r/bitPublish/fonts/STIXTwoText/STIXTwoMath-Regular.otf]/OT:script=math;language=dflt;+ssty=1;"

LaTeX Font Info:    Font shape `TU/STIXTwoMath-Regular.otf(1)/m/n' will be
(Font)              scaled to size 10.0pt on input line 179.
LaTeX Font Info:    Encoding `OT1' has changed to `TU' for symbol font
(Font)              `operators' in the math version `normal' on input line 179.
LaTeX Font Info:    Overwriting symbol font `operators' in version `normal'
(Font)                  OT1/lmr/m/n --> TU/STIXTwoMath-Regular.otf(1)/m/n on input line 179.
LaTeX Font Info:    Encoding `OT1' has changed to `TU' for symbol font
(Font)              `operators' in the math version `bold' on input line 179.
LaTeX Font Info:    Overwriting symbol font `operators' in version `bold'
(Font)                  OT1/lmr/bx/n --> TU/STIXTwoMath-Regular.otf(1)/b/n on input line 179.

Package fontspec Info: 
(fontspec)             STIXTwoMath-Regular scale = 0.9999967740478601.


Package fontspec Info: 
(fontspec)             STIXTwoMath-Regular scale = 1.000096773725265.


Package fontspec Info: 
(fontspec)             STIXTwoMath-Regular scale = 0.9999967740478601.


Package fontspec Info: 
(fontspec)             STIXTwoMath-Regular scale = 1.000096773725265.


Package fontspec Info: 
(fontspec)             STIXTwoMath-Regular scale = 0.9999967740478601.


Package fontspec Info: 
(fontspec)             STIXTwoMath-Regular scale = 1.000096773725265.


Package fontspec Info: 
(fontspec)             STIXTwoMath-Regular scale = 0.9999967740478601.


Package fontspec Info: 
(fontspec)             STIXTwoMath-Regular scale = 1.000096773725265.


Package fontspec Info: 
(fontspec)             Font family 'STIXTwoMath-Regular.otf(2)' created for
(fontspec)             font 'STIXTwoMath-Regular.otf' with options
(fontspec)             [Scale=MatchLowercase,BoldItalicFont={},ItalicFont={},SmallCapsFont={},Script=Math,SizeFeatures={{Size=8.5-},{Size=6.25-8.5,Font=STIXTwoMath-Regular.otf,Style=MathScript},{Size=-6.25,Font=STIXTwoMath-Regular.otf,Style=MathScriptScript}},ExternalLocation={_extensions/bit2r/bitPublish/fonts/STIXTwoText/},ScaleAgain=1.0001,FontAdjustment={\fontdimen
(fontspec)             8\font =6.4pt\relax \fontdimen 9\font =5.85pt\relax
(fontspec)             \fontdimen 10\font =4.7pt\relax \fontdimen 11\font
(fontspec)             =6.4pt\relax \fontdimen 12\font =5.85pt\relax
(fontspec)             \fontdimen 13\font =3.6pt\relax \fontdimen 14\font
(fontspec)             =3.6pt\relax \fontdimen 15\font =2.52pt\relax
(fontspec)             \fontdimen 16\font =2.1pt\relax \fontdimen 17\font
(fontspec)             =2.1pt\relax \fontdimen 18\font =2.3pt\relax \fontdimen
(fontspec)             19\font =1.6pt\relax \fontdimen 22\font =2.58pt\relax
(fontspec)             \fontdimen 20\font =0pt\relax \fontdimen 21\font
(fontspec)             =0pt\relax }].
(fontspec)              
(fontspec)              This font family consists of the following NFSS
(fontspec)             series/shapes:
(fontspec)              
(fontspec)             - 'normal' (m/n) with NFSS spec.:
(fontspec)             <8.5->s*[1.000096773725265]"[_extensions/bit2r/bitPublish/fonts/STIXTwoText/STIXTwoMath-Regular.otf]/OT:script=math;language=dflt;"<6.25-8.5>s*[1.000096773725265]"[_extensions/bit2r/bitPublish/fonts/STIXTwoText/STIXTwoMath-Regular.otf]/OT:script=math;language=dflt;+ssty=0;"<-6.25>s*[1.000096773725265]"[_extensions/bit2r/bitPublish/fonts/STIXTwoText/STIXTwoMath-Regular.otf]/OT:script=math;language=dflt;+ssty=1;"

LaTeX Font Info:    Encoding `OMS' has changed to `TU' for symbol font
(Font)              `symbols' in the math version `normal' on input line 179.
LaTeX Font Info:    Overwriting symbol font `symbols' in version `normal'
(Font)                  OMS/lmsy/m/n --> TU/STIXTwoMath-Regular.otf(2)/m/n on input line 179.
LaTeX Font Info:    Encoding `OMS' has changed to `TU' for symbol font
(Font)              `symbols' in the math version `bold' on input line 179.
LaTeX Font Info:    Overwriting symbol font `symbols' in version `bold'
(Font)                  OMS/lmsy/b/n --> TU/STIXTwoMath-Regular.otf(2)/b/n on input line 179.

Package fontspec Info: 
(fontspec)             STIXTwoMath-Regular scale = 0.9999967740478601.


Package fontspec Info: 
(fontspec)             STIXTwoMath-Regular scale = 0.9998967743704553.


Package fontspec Info: 
(fontspec)             STIXTwoMath-Regular scale = 0.9999967740478601.


Package fontspec Info: 
(fontspec)             STIXTwoMath-Regular scale = 0.9998967743704553.


Package fontspec Info: 
(fontspec)             STIXTwoMath-Regular scale = 0.9999967740478601.


Package fontspec Info: 
(fontspec)             STIXTwoMath-Regular scale = 0.9998967743704553.


Package fontspec Info: 
(fontspec)             STIXTwoMath-Regular scale = 0.9999967740478601.


Package fontspec Info: 
(fontspec)             STIXTwoMath-Regular scale = 0.9998967743704553.


Package fontspec Info: 
(fontspec)             Font family 'STIXTwoMath-Regular.otf(3)' created for
(fontspec)             font 'STIXTwoMath-Regular.otf' with options
(fontspec)             [Scale=MatchLowercase,BoldItalicFont={},ItalicFont={},SmallCapsFont={},Script=Math,SizeFeatures={{Size=8.5-},{Size=6.25-8.5,Font=STIXTwoMath-Regular.otf,Style=MathScript},{Size=-6.25,Font=STIXTwoMath-Regular.otf,Style=MathScriptScript}},ExternalLocation={_extensions/bit2r/bitPublish/fonts/STIXTwoText/},ScaleAgain=0.9999,FontAdjustment={\fontdimen
(fontspec)             8\font =0.68pt\relax \fontdimen 9\font =1.35pt\relax
(fontspec)             \fontdimen 10\font =1.35pt\relax \fontdimen 11\font
(fontspec)             =3.0pt\relax \fontdimen 12\font =6.7pt\relax \fontdimen
(fontspec)             13\font =0pt\relax }].
(fontspec)              
(fontspec)              This font family consists of the following NFSS
(fontspec)             series/shapes:
(fontspec)              
(fontspec)             - 'normal' (m/n) with NFSS spec.:
(fontspec)             <8.5->s*[0.9998967743704553]"[_extensions/bit2r/bitPublish/fonts/STIXTwoText/STIXTwoMath-Regular.otf]/OT:script=math;language=dflt;"<6.25-8.5>s*[0.9998967743704553]"[_extensions/bit2r/bitPublish/fonts/STIXTwoText/STIXTwoMath-Regular.otf]/OT:script=math;language=dflt;+ssty=0;"<-6.25>s*[0.9998967743704553]"[_extensions/bit2r/bitPublish/fonts/STIXTwoText/STIXTwoMath-Regular.otf]/OT:script=math;language=dflt;+ssty=1;"

LaTeX Font Info:    Encoding `OMX' has changed to `TU' for symbol font
(Font)              `largesymbols' in the math version `normal' on input line 179.
LaTeX Font Info:    Overwriting symbol font `largesymbols' in version `normal'
(Font)                  OMX/lmex/m/n --> TU/STIXTwoMath-Regular.otf(3)/m/n on input line 179.
LaTeX Font Info:    Encoding `OMX' has changed to `TU' for symbol font
(Font)              `largesymbols' in the math version `bold' on input line 179.
LaTeX Font Info:    Overwriting symbol font `largesymbols' in version `bold'
(Font)                  OMX/lmex/m/n --> TU/STIXTwoMath-Regular.otf(3)/b/n on input line 179.
(/cloud/home/r2564481/.TinyTeX/texmf-dist/tex/latex/titlesec/titlesec.sty
Package: titlesec 2023/10/27 v2.16 Sectioning titles
\ttl@box=\box103
\beforetitleunit=\skip178
\aftertitleunit=\skip179
\ttl@plus=\dimen326
\ttl@minus=\dimen327
\ttl@toksa=\toks51
\titlewidth=\dimen328
\titlewidthlast=\dimen329
\titlewidthfirst=\dimen330
)
Package hyperref Info: Option `colorlinks' set `true' on input line 240.

! LaTeX Error: Environment Shaded undefined.

See the LaTeX manual or LaTeX Companion for explanation.
Type  H <return>  for immediate help.
 ...                                              
                                                  
l.246 \renewenvironment{Shaded}
                                
Here is how much of TeX's memory you used:
 42161 strings out of 476173
 828835 string characters out of 5784305
 1920609 words of memory out of 5000000
 64107 multiletter control sequences out of 15000+600000
 558937 words of font info for 72 fonts, out of 8000000 for 9000
 36 hyphenation exceptions out of 8191
 108i,2n,126p,510b,2745s stack positions out of 10000i,1000n,20000p,200000b,200000s

No pages of output.
